mode: set
github.com/LuisCusihuaman/gitlab-mcp-server/pkg/toolsets/toolsets.go:40.85,45.2 1 1
github.com/LuisCusihuaman/gitlab-mcp-server/pkg/toolsets/toolsets.go:48.59,57.2 1 1
github.com/LuisCusihuaman/gitlab-mcp-server/pkg/toolsets/toolsets.go:61.69,71.2 2 1
github.com/LuisCusihuaman/gitlab-mcp-server/pkg/toolsets/toolsets.go:76.70,86.2 2 1
github.com/LuisCusihuaman/gitlab-mcp-server/pkg/toolsets/toolsets.go:90.56,91.16 1 1
github.com/LuisCusihuaman/gitlab-mcp-server/pkg/toolsets/toolsets.go:91.16,93.3 1 1
github.com/LuisCusihuaman/gitlab-mcp-server/pkg/toolsets/toolsets.go:94.2,94.16 1 1
github.com/LuisCusihuaman/gitlab-mcp-server/pkg/toolsets/toolsets.go:94.16,99.3 3 1
github.com/LuisCusihuaman/gitlab-mcp-server/pkg/toolsets/toolsets.go:101.2,104.15 4 1
github.com/LuisCusihuaman/gitlab-mcp-server/pkg/toolsets/toolsets.go:108.54,110.35 2 1
github.com/LuisCusihuaman/gitlab-mcp-server/pkg/toolsets/toolsets.go:110.35,113.3 1 1
github.com/LuisCusihuaman/gitlab-mcp-server/pkg/toolsets/toolsets.go:117.33,119.2 1 1
github.com/LuisCusihuaman/gitlab-mcp-server/pkg/toolsets/toolsets.go:122.43,124.2 1 1
github.com/LuisCusihuaman/gitlab-mcp-server/pkg/toolsets/toolsets.go:127.47,132.2 4 1
github.com/LuisCusihuaman/gitlab-mcp-server/pkg/toolsets/toolsets.go:135.36,137.2 1 1
github.com/LuisCusihuaman/gitlab-mcp-server/pkg/toolsets/toolsets.go:140.28,142.2 1 1
github.com/LuisCusihuaman/gitlab-mcp-server/pkg/toolsets/toolsets.go:145.29,147.2 1 1
github.com/LuisCusihuaman/gitlab-mcp-server/pkg/toolsets/toolsets.go:151.51,156.2 1 1
github.com/LuisCusihuaman/gitlab-mcp-server/pkg/toolsets/toolsets.go:160.49,164.17 3 1
github.com/LuisCusihuaman/gitlab-mcp-server/pkg/toolsets/toolsets.go:164.17,166.3 1 1
github.com/LuisCusihuaman/gitlab-mcp-server/pkg/toolsets/toolsets.go:167.2,167.27 1 1
github.com/LuisCusihuaman/gitlab-mcp-server/pkg/toolsets/toolsets.go:172.58,177.9 4 1
github.com/LuisCusihuaman/gitlab-mcp-server/pkg/toolsets/toolsets.go:177.9,179.3 1 1
github.com/LuisCusihuaman/gitlab-mcp-server/pkg/toolsets/toolsets.go:181.2,181.20 1 1
github.com/LuisCusihuaman/gitlab-mcp-server/pkg/toolsets/toolsets.go:181.20,183.3 1 1
github.com/LuisCusihuaman/gitlab-mcp-server/pkg/toolsets/toolsets.go:185.2,186.12 2 1
github.com/LuisCusihuaman/gitlab-mcp-server/pkg/toolsets/toolsets.go:191.62,192.21 1 1
github.com/LuisCusihuaman/gitlab-mcp-server/pkg/toolsets/toolsets.go:192.21,194.3 1 1
github.com/LuisCusihuaman/gitlab-mcp-server/pkg/toolsets/toolsets.go:196.2,196.42 1 1
github.com/LuisCusihuaman/gitlab-mcp-server/pkg/toolsets/toolsets.go:196.42,200.34 4 1
github.com/LuisCusihuaman/gitlab-mcp-server/pkg/toolsets/toolsets.go:200.34,202.4 1 1
github.com/LuisCusihuaman/gitlab-mcp-server/pkg/toolsets/toolsets.go:203.3,203.13 1 1
github.com/LuisCusihuaman/gitlab-mcp-server/pkg/toolsets/toolsets.go:206.2,208.29 3 1
github.com/LuisCusihuaman/gitlab-mcp-server/pkg/toolsets/toolsets.go:208.29,209.48 1 1
github.com/LuisCusihuaman/gitlab-mcp-server/pkg/toolsets/toolsets.go:209.48,213.4 1 1
github.com/LuisCusihuaman/gitlab-mcp-server/pkg/toolsets/toolsets.go:214.3,214.17 1 1
github.com/LuisCusihuaman/gitlab-mcp-server/pkg/toolsets/toolsets.go:217.2,217.23 1 1
github.com/LuisCusihuaman/gitlab-mcp-server/pkg/toolsets/toolsets.go:217.23,219.3 1 0
github.com/LuisCusihuaman/gitlab-mcp-server/pkg/toolsets/toolsets.go:221.2,221.12 1 1
github.com/LuisCusihuaman/gitlab-mcp-server/pkg/toolsets/toolsets.go:226.60,230.33 3 1
github.com/LuisCusihuaman/gitlab-mcp-server/pkg/toolsets/toolsets.go:230.33,231.17 1 1
github.com/LuisCusihuaman/gitlab-mcp-server/pkg/toolsets/toolsets.go:231.17,233.4 1 1
github.com/LuisCusihuaman/gitlab-mcp-server/pkg/toolsets/toolsets.go:238.54,243.36 4 1
github.com/LuisCusihuaman/gitlab-mcp-server/pkg/toolsets/toolsets.go:243.36,251.3 2 1
github.com/LuisCusihuaman/gitlab-mcp-server/pkg/toolsets/toolsets.go:252.2,252.14 1 1
