mode: set
github.com/LuisCusihuaman/gitlab-mcp-server/pkg/log/iolog.go:19.77,25.2 1 1
github.com/LuisCusihuaman/gitlab-mcp-server/pkg/log/iolog.go:28.56,30.11 2 1
github.com/LuisCusihuaman/gitlab-mcp-server/pkg/log/iolog.go:30.11,33.3 2 1
github.com/LuisCusihuaman/gitlab-mcp-server/pkg/log/iolog.go:34.2,34.8 1 1
github.com/LuisCusihuaman/gitlab-mcp-server/pkg/log/iolog.go:38.57,42.2 3 1
github.com/LuisCusihuaman/gitlab-mcp-server/pkg/log/iolog.go:45.41,48.58 2 1
github.com/LuisCusihuaman/gitlab-mcp-server/pkg/log/iolog.go:48.58,50.3 1 1
github.com/LuisCusihuaman/gitlab-mcp-server/pkg/log/iolog.go:53.2,54.36 2 1
github.com/LuisCusihuaman/gitlab-mcp-server/pkg/log/iolog.go:54.36,55.28 1 1
github.com/LuisCusihuaman/gitlab-mcp-server/pkg/log/iolog.go:55.28,57.4 1 1
github.com/LuisCusihuaman/gitlab-mcp-server/pkg/log/iolog.go:61.2,61.62 1 1
github.com/LuisCusihuaman/gitlab-mcp-server/pkg/log/iolog.go:61.62,62.37 1 1
github.com/LuisCusihuaman/gitlab-mcp-server/pkg/log/iolog.go:62.37,63.32 1 1
github.com/LuisCusihuaman/gitlab-mcp-server/pkg/log/iolog.go:63.32,65.5 1 1
github.com/LuisCusihuaman/gitlab-mcp-server/pkg/log/iolog.go:70.2,74.24 3 1
github.com/LuisCusihuaman/gitlab-mcp-server/pkg/log/iolog.go:74.24,76.3 1 1
github.com/LuisCusihuaman/gitlab-mcp-server/pkg/log/iolog.go:78.2,78.15 1 1
github.com/LuisCusihuaman/gitlab-mcp-server/pkg/log/iolog.go:82.34,85.2 2 1
github.com/LuisCusihuaman/gitlab-mcp-server/pkg/translations/helper.go:17.72,22.16 3 1
github.com/LuisCusihuaman/gitlab-mcp-server/pkg/translations/helper.go:22.16,24.31 2 0
github.com/LuisCusihuaman/gitlab-mcp-server/pkg/translations/helper.go:24.32,24.33 0 0
github.com/LuisCusihuaman/gitlab-mcp-server/pkg/translations/helper.go:27.2,30.54 2 1
github.com/LuisCusihuaman/gitlab-mcp-server/pkg/translations/helper.go:30.54,31.61 1 0
github.com/LuisCusihuaman/gitlab-mcp-server/pkg/translations/helper.go:31.61,33.4 1 0
github.com/LuisCusihuaman/gitlab-mcp-server/pkg/translations/helper.go:33.9,35.4 1 0
github.com/LuisCusihuaman/gitlab-mcp-server/pkg/translations/helper.go:39.2,39.28 1 1
github.com/LuisCusihuaman/gitlab-mcp-server/pkg/translations/helper.go:39.28,41.3 1 0
github.com/LuisCusihuaman/gitlab-mcp-server/pkg/translations/helper.go:43.2,43.39 1 1
github.com/LuisCusihuaman/gitlab-mcp-server/pkg/translations/helper.go:47.67,48.45 1 1
github.com/LuisCusihuaman/gitlab-mcp-server/pkg/translations/helper.go:48.45,50.3 1 1
github.com/LuisCusihuaman/gitlab-mcp-server/pkg/translations/helper.go:51.2,51.12 1 1
github.com/LuisCusihuaman/gitlab-mcp-server/pkg/translations/helper.go:58.65,64.54 3 1
github.com/LuisCusihuaman/gitlab-mcp-server/pkg/translations/helper.go:64.54,66.3 1 1
github.com/LuisCusihuaman/gitlab-mcp-server/pkg/translations/helper.go:69.2,69.34 1 1
github.com/LuisCusihuaman/gitlab-mcp-server/pkg/translations/helper.go:69.34,70.42 1 1
github.com/LuisCusihuaman/gitlab-mcp-server/pkg/translations/helper.go:70.42,72.4 1 1
github.com/LuisCusihuaman/gitlab-mcp-server/pkg/translations/helper.go:76.2,77.16 2 1
github.com/LuisCusihuaman/gitlab-mcp-server/pkg/translations/helper.go:77.16,80.3 2 0
github.com/LuisCusihuaman/gitlab-mcp-server/pkg/translations/helper.go:82.2,82.61 1 1
github.com/LuisCusihuaman/gitlab-mcp-server/pkg/translations/helper.go:82.61,84.3 1 0
github.com/LuisCusihuaman/gitlab-mcp-server/pkg/translations/helper.go:84.8,87.3 2 1
github.com/LuisCusihuaman/gitlab-mcp-server/pkg/translations/helper.go:91.48,132.2 1 1
github.com/LuisCusihuaman/gitlab-mcp-server/pkg/toolsets/toolsets.go:40.85,45.2 1 1
github.com/LuisCusihuaman/gitlab-mcp-server/pkg/toolsets/toolsets.go:48.59,57.2 1 1
github.com/LuisCusihuaman/gitlab-mcp-server/pkg/toolsets/toolsets.go:61.69,71.2 2 1
github.com/LuisCusihuaman/gitlab-mcp-server/pkg/toolsets/toolsets.go:76.70,86.2 2 1
github.com/LuisCusihuaman/gitlab-mcp-server/pkg/toolsets/toolsets.go:90.56,91.16 1 1
github.com/LuisCusihuaman/gitlab-mcp-server/pkg/toolsets/toolsets.go:91.16,93.3 1 1
github.com/LuisCusihuaman/gitlab-mcp-server/pkg/toolsets/toolsets.go:94.2,94.16 1 1
github.com/LuisCusihuaman/gitlab-mcp-server/pkg/toolsets/toolsets.go:94.16,99.3 3 1
github.com/LuisCusihuaman/gitlab-mcp-server/pkg/toolsets/toolsets.go:101.2,104.15 4 1
github.com/LuisCusihuaman/gitlab-mcp-server/pkg/toolsets/toolsets.go:108.54,110.35 2 1
github.com/LuisCusihuaman/gitlab-mcp-server/pkg/toolsets/toolsets.go:110.35,113.3 1 1
github.com/LuisCusihuaman/gitlab-mcp-server/pkg/toolsets/toolsets.go:117.33,119.2 1 1
github.com/LuisCusihuaman/gitlab-mcp-server/pkg/toolsets/toolsets.go:122.43,124.2 1 1
github.com/LuisCusihuaman/gitlab-mcp-server/pkg/toolsets/toolsets.go:127.47,132.2 4 1
github.com/LuisCusihuaman/gitlab-mcp-server/pkg/toolsets/toolsets.go:135.36,137.2 1 1
github.com/LuisCusihuaman/gitlab-mcp-server/pkg/toolsets/toolsets.go:140.28,142.2 1 1
github.com/LuisCusihuaman/gitlab-mcp-server/pkg/toolsets/toolsets.go:145.29,147.2 1 1
github.com/LuisCusihuaman/gitlab-mcp-server/pkg/toolsets/toolsets.go:151.51,156.2 1 1
github.com/LuisCusihuaman/gitlab-mcp-server/pkg/toolsets/toolsets.go:160.49,164.17 3 1
github.com/LuisCusihuaman/gitlab-mcp-server/pkg/toolsets/toolsets.go:164.17,166.3 1 1
github.com/LuisCusihuaman/gitlab-mcp-server/pkg/toolsets/toolsets.go:167.2,167.27 1 1
github.com/LuisCusihuaman/gitlab-mcp-server/pkg/toolsets/toolsets.go:172.58,177.9 4 1
github.com/LuisCusihuaman/gitlab-mcp-server/pkg/toolsets/toolsets.go:177.9,179.3 1 1
github.com/LuisCusihuaman/gitlab-mcp-server/pkg/toolsets/toolsets.go:181.2,181.20 1 1
github.com/LuisCusihuaman/gitlab-mcp-server/pkg/toolsets/toolsets.go:181.20,183.3 1 1
github.com/LuisCusihuaman/gitlab-mcp-server/pkg/toolsets/toolsets.go:185.2,186.12 2 1
github.com/LuisCusihuaman/gitlab-mcp-server/pkg/toolsets/toolsets.go:191.62,192.21 1 1
github.com/LuisCusihuaman/gitlab-mcp-server/pkg/toolsets/toolsets.go:192.21,194.3 1 1
github.com/LuisCusihuaman/gitlab-mcp-server/pkg/toolsets/toolsets.go:196.2,196.42 1 1
github.com/LuisCusihuaman/gitlab-mcp-server/pkg/toolsets/toolsets.go:196.42,200.34 4 1
github.com/LuisCusihuaman/gitlab-mcp-server/pkg/toolsets/toolsets.go:200.34,202.4 1 1
github.com/LuisCusihuaman/gitlab-mcp-server/pkg/toolsets/toolsets.go:203.3,203.13 1 1
github.com/LuisCusihuaman/gitlab-mcp-server/pkg/toolsets/toolsets.go:206.2,208.29 3 1
github.com/LuisCusihuaman/gitlab-mcp-server/pkg/toolsets/toolsets.go:208.29,209.48 1 1
github.com/LuisCusihuaman/gitlab-mcp-server/pkg/toolsets/toolsets.go:209.48,213.4 1 1
github.com/LuisCusihuaman/gitlab-mcp-server/pkg/toolsets/toolsets.go:214.3,214.17 1 1
github.com/LuisCusihuaman/gitlab-mcp-server/pkg/toolsets/toolsets.go:217.2,217.23 1 1
github.com/LuisCusihuaman/gitlab-mcp-server/pkg/toolsets/toolsets.go:217.23,219.3 1 0
github.com/LuisCusihuaman/gitlab-mcp-server/pkg/toolsets/toolsets.go:221.2,221.12 1 1
github.com/LuisCusihuaman/gitlab-mcp-server/pkg/toolsets/toolsets.go:226.60,230.33 3 1
github.com/LuisCusihuaman/gitlab-mcp-server/pkg/toolsets/toolsets.go:230.33,231.17 1 1
github.com/LuisCusihuaman/gitlab-mcp-server/pkg/toolsets/toolsets.go:231.17,233.4 1 1
github.com/LuisCusihuaman/gitlab-mcp-server/pkg/toolsets/toolsets.go:238.54,243.36 4 1
github.com/LuisCusihuaman/gitlab-mcp-server/pkg/toolsets/toolsets.go:243.36,251.3 2 1
github.com/LuisCusihuaman/gitlab-mcp-server/pkg/toolsets/toolsets.go:252.2,252.14 1 1
github.com/LuisCusihuaman/gitlab-mcp-server/pkg/gitlab/branches.go:15.117,34.87 1 1
github.com/LuisCusihuaman/gitlab-mcp-server/pkg/gitlab/branches.go:34.87,37.18 2 1
github.com/LuisCusihuaman/gitlab-mcp-server/pkg/gitlab/branches.go:37.18,39.5 1 1
github.com/LuisCusihuaman/gitlab-mcp-server/pkg/gitlab/branches.go:40.4,41.18 2 1
github.com/LuisCusihuaman/gitlab-mcp-server/pkg/gitlab/branches.go:41.18,43.5 1 0
github.com/LuisCusihuaman/gitlab-mcp-server/pkg/gitlab/branches.go:44.4,45.18 2 1
github.com/LuisCusihuaman/gitlab-mcp-server/pkg/gitlab/branches.go:45.18,47.5 1 0
github.com/LuisCusihuaman/gitlab-mcp-server/pkg/gitlab/branches.go:50.4,56.20 2 1
github.com/LuisCusihuaman/gitlab-mcp-server/pkg/gitlab/branches.go:56.20,58.5 1 1
github.com/LuisCusihuaman/gitlab-mcp-server/pkg/gitlab/branches.go:61.4,62.18 2 1
github.com/LuisCusihuaman/gitlab-mcp-server/pkg/gitlab/branches.go:62.18,64.5 1 0
github.com/LuisCusihuaman/gitlab-mcp-server/pkg/gitlab/branches.go:67.4,70.18 2 1
github.com/LuisCusihuaman/gitlab-mcp-server/pkg/gitlab/branches.go:70.18,72.22 2 1
github.com/LuisCusihuaman/gitlab-mcp-server/pkg/gitlab/branches.go:72.22,74.6 1 0
github.com/LuisCusihuaman/gitlab-mcp-server/pkg/gitlab/branches.go:75.5,75.23 1 1
github.com/LuisCusihuaman/gitlab-mcp-server/pkg/gitlab/branches.go:80.4,80.26 1 1
github.com/LuisCusihuaman/gitlab-mcp-server/pkg/gitlab/branches.go:80.26,82.5 1 1
github.com/LuisCusihuaman/gitlab-mcp-server/pkg/gitlab/branches.go:84.4,85.18 2 1
github.com/LuisCusihuaman/gitlab-mcp-server/pkg/gitlab/branches.go:85.18,87.5 1 0
github.com/LuisCusihuaman/gitlab-mcp-server/pkg/gitlab/branches.go:88.4,88.51 1 1
github.com/LuisCusihuaman/gitlab-mcp-server/pkg/gitlab/client_pool.go:21.71,27.2 1 1
github.com/LuisCusihuaman/gitlab-mcp-server/pkg/gitlab/client_pool.go:30.71,31.16 1 1
github.com/LuisCusihuaman/gitlab-mcp-server/pkg/gitlab/client_pool.go:31.16,33.3 1 1
github.com/LuisCusihuaman/gitlab-mcp-server/pkg/gitlab/client_pool.go:34.2,34.19 1 1
github.com/LuisCusihuaman/gitlab-mcp-server/pkg/gitlab/client_pool.go:34.19,36.3 1 1
github.com/LuisCusihuaman/gitlab-mcp-server/pkg/gitlab/client_pool.go:38.2,43.12 5 1
github.com/LuisCusihuaman/gitlab-mcp-server/pkg/gitlab/client_pool.go:47.66,52.9 4 1
github.com/LuisCusihuaman/gitlab-mcp-server/pkg/gitlab/client_pool.go:52.9,54.3 1 1
github.com/LuisCusihuaman/gitlab-mcp-server/pkg/gitlab/client_pool.go:56.2,56.20 1 1
github.com/LuisCusihuaman/gitlab-mcp-server/pkg/gitlab/client_pool.go:60.70,65.45 3 1
github.com/LuisCusihuaman/gitlab-mcp-server/pkg/gitlab/client_pool.go:65.45,67.3 1 1
github.com/LuisCusihuaman/gitlab-mcp-server/pkg/gitlab/client_pool.go:70.2,70.39 1 1
github.com/LuisCusihuaman/gitlab-mcp-server/pkg/gitlab/client_pool.go:70.39,72.3 1 1
github.com/LuisCusihuaman/gitlab-mcp-server/pkg/gitlab/client_pool.go:74.2,74.60 1 1
github.com/LuisCusihuaman/gitlab-mcp-server/pkg/gitlab/client_pool.go:78.46,83.31 4 1
github.com/LuisCusihuaman/gitlab-mcp-server/pkg/gitlab/client_pool.go:83.31,85.3 1 1
github.com/LuisCusihuaman/gitlab-mcp-server/pkg/gitlab/client_pool.go:86.2,86.14 1 1
github.com/LuisCusihuaman/gitlab-mcp-server/pkg/gitlab/client_pool.go:90.55,94.36 3 1
github.com/LuisCusihuaman/gitlab-mcp-server/pkg/gitlab/client_pool.go:94.36,96.3 1 1
github.com/LuisCusihuaman/gitlab-mcp-server/pkg/gitlab/client_pool.go:98.2,100.12 3 1
github.com/LuisCusihuaman/gitlab-mcp-server/pkg/gitlab/client_pool.go:105.95,108.48 2 1
github.com/LuisCusihuaman/gitlab-mcp-server/pkg/gitlab/client_pool.go:108.48,110.3 1 1
github.com/LuisCusihuaman/gitlab-mcp-server/pkg/gitlab/client_pool.go:113.2,114.16 2 1
github.com/LuisCusihuaman/gitlab-mcp-server/pkg/gitlab/client_pool.go:114.16,116.3 1 0
github.com/LuisCusihuaman/gitlab-mcp-server/pkg/gitlab/client_pool.go:119.2,120.16 2 1
github.com/LuisCusihuaman/gitlab-mcp-server/pkg/gitlab/client_pool.go:120.16,124.3 1 1
github.com/LuisCusihuaman/gitlab-mcp-server/pkg/gitlab/client_pool.go:127.2,127.59 1 1
github.com/LuisCusihuaman/gitlab-mcp-server/pkg/gitlab/client_pool.go:127.59,129.3 1 0
github.com/LuisCusihuaman/gitlab-mcp-server/pkg/gitlab/client_pool.go:131.2,132.12 2 1
github.com/LuisCusihuaman/gitlab-mcp-server/pkg/gitlab/client_pool.go:136.87,141.57 3 1
github.com/LuisCusihuaman/gitlab-mcp-server/pkg/gitlab/client_pool.go:141.57,143.10 2 1
github.com/LuisCusihuaman/gitlab-mcp-server/pkg/gitlab/client_pool.go:143.10,145.4 1 1
github.com/LuisCusihuaman/gitlab-mcp-server/pkg/gitlab/client_pool.go:146.3,146.21 1 1
github.com/LuisCusihuaman/gitlab-mcp-server/pkg/gitlab/client_pool.go:149.2,149.52 1 1
github.com/LuisCusihuaman/gitlab-mcp-server/pkg/gitlab/client_resolver.go:22.100,28.2 1 1
github.com/LuisCusihuaman/gitlab-mcp-server/pkg/gitlab/client_resolver.go:36.84,39.33 2 1
github.com/LuisCusihuaman/gitlab-mcp-server/pkg/gitlab/client_resolver.go:39.33,43.3 2 1
github.com/LuisCusihuaman/gitlab-mcp-server/pkg/gitlab/client_resolver.go:45.2,48.28 2 1
github.com/LuisCusihuaman/gitlab-mcp-server/pkg/gitlab/client_resolver.go:48.28,50.17 2 1
github.com/LuisCusihuaman/gitlab-mcp-server/pkg/gitlab/client_resolver.go:50.17,52.4 1 1
github.com/LuisCusihuaman/gitlab-mcp-server/pkg/gitlab/client_resolver.go:52.9,55.4 2 1
github.com/LuisCusihuaman/gitlab-mcp-server/pkg/gitlab/client_resolver.go:59.2,59.74 1 1
github.com/LuisCusihuaman/gitlab-mcp-server/pkg/gitlab/client_resolver.go:59.74,63.36 2 1
github.com/LuisCusihuaman/gitlab-mcp-server/pkg/gitlab/client_resolver.go:63.36,65.58 1 1
github.com/LuisCusihuaman/gitlab-mcp-server/pkg/gitlab/client_resolver.go:65.58,69.34 1 1
github.com/LuisCusihuaman/gitlab-mcp-server/pkg/gitlab/client_resolver.go:69.34,72.6 2 1
github.com/LuisCusihuaman/gitlab-mcp-server/pkg/gitlab/client_resolver.go:76.3,76.98 1 1
github.com/LuisCusihuaman/gitlab-mcp-server/pkg/gitlab/client_resolver.go:80.2,80.28 1 1
github.com/LuisCusihuaman/gitlab-mcp-server/pkg/gitlab/client_resolver.go:80.28,82.17 2 1
github.com/LuisCusihuaman/gitlab-mcp-server/pkg/gitlab/client_resolver.go:82.17,85.4 2 1
github.com/LuisCusihuaman/gitlab-mcp-server/pkg/gitlab/client_resolver.go:86.3,87.39 2 1
github.com/LuisCusihuaman/gitlab-mcp-server/pkg/gitlab/client_resolver.go:91.2,91.35 1 0
github.com/LuisCusihuaman/gitlab-mcp-server/pkg/gitlab/client_resolver.go:96.53,97.55 1 1
github.com/LuisCusihuaman/gitlab-mcp-server/pkg/gitlab/client_resolver.go:97.55,99.17 2 1
github.com/LuisCusihuaman/gitlab-mcp-server/pkg/gitlab/client_resolver.go:99.17,101.4 1 1
github.com/LuisCusihuaman/gitlab-mcp-server/pkg/gitlab/client_resolver.go:102.3,103.21 2 1
github.com/LuisCusihuaman/gitlab-mcp-server/pkg/gitlab/client_resolver.go:109.112,112.16 2 1
github.com/LuisCusihuaman/gitlab-mcp-server/pkg/gitlab/client_resolver.go:112.16,114.3 1 1
github.com/LuisCusihuaman/gitlab-mcp-server/pkg/gitlab/client_resolver.go:116.2,117.26 2 1
github.com/LuisCusihuaman/gitlab-mcp-server/pkg/gitlab/commits.go:15.116,46.87 1 1
github.com/LuisCusihuaman/gitlab-mcp-server/pkg/gitlab/commits.go:46.87,49.18 2 1
github.com/LuisCusihuaman/gitlab-mcp-server/pkg/gitlab/commits.go:49.18,51.5 1 1
github.com/LuisCusihuaman/gitlab-mcp-server/pkg/gitlab/commits.go:52.4,53.18 2 1
github.com/LuisCusihuaman/gitlab-mcp-server/pkg/gitlab/commits.go:53.18,55.5 1 0
github.com/LuisCusihuaman/gitlab-mcp-server/pkg/gitlab/commits.go:56.4,57.18 2 1
github.com/LuisCusihuaman/gitlab-mcp-server/pkg/gitlab/commits.go:57.18,59.5 1 0
github.com/LuisCusihuaman/gitlab-mcp-server/pkg/gitlab/commits.go:60.4,61.18 2 1
github.com/LuisCusihuaman/gitlab-mcp-server/pkg/gitlab/commits.go:61.18,63.5 1 1
github.com/LuisCusihuaman/gitlab-mcp-server/pkg/gitlab/commits.go:64.4,65.18 2 1
github.com/LuisCusihuaman/gitlab-mcp-server/pkg/gitlab/commits.go:65.18,67.5 1 0
github.com/LuisCusihuaman/gitlab-mcp-server/pkg/gitlab/commits.go:68.4,69.18 2 1
github.com/LuisCusihuaman/gitlab-mcp-server/pkg/gitlab/commits.go:69.18,71.5 1 1
github.com/LuisCusihuaman/gitlab-mcp-server/pkg/gitlab/commits.go:72.4,73.18 2 1
github.com/LuisCusihuaman/gitlab-mcp-server/pkg/gitlab/commits.go:73.18,75.5 1 0
github.com/LuisCusihuaman/gitlab-mcp-server/pkg/gitlab/commits.go:78.4,87.21 2 1
github.com/LuisCusihuaman/gitlab-mcp-server/pkg/gitlab/commits.go:87.21,89.5 1 1
github.com/LuisCusihuaman/gitlab-mcp-server/pkg/gitlab/commits.go:90.4,90.18 1 1
github.com/LuisCusihuaman/gitlab-mcp-server/pkg/gitlab/commits.go:90.18,92.5 1 1
github.com/LuisCusihuaman/gitlab-mcp-server/pkg/gitlab/commits.go:95.4,96.18 2 1
github.com/LuisCusihuaman/gitlab-mcp-server/pkg/gitlab/commits.go:96.18,98.5 1 0
github.com/LuisCusihuaman/gitlab-mcp-server/pkg/gitlab/commits.go:101.4,104.18 2 1
github.com/LuisCusihuaman/gitlab-mcp-server/pkg/gitlab/commits.go:104.18,106.22 2 1
github.com/LuisCusihuaman/gitlab-mcp-server/pkg/gitlab/commits.go:106.22,108.6 1 0
github.com/LuisCusihuaman/gitlab-mcp-server/pkg/gitlab/commits.go:109.5,109.23 1 1
github.com/LuisCusihuaman/gitlab-mcp-server/pkg/gitlab/commits.go:114.4,114.25 1 1
github.com/LuisCusihuaman/gitlab-mcp-server/pkg/gitlab/commits.go:114.25,116.5 1 1
github.com/LuisCusihuaman/gitlab-mcp-server/pkg/gitlab/commits.go:118.4,119.18 2 1
github.com/LuisCusihuaman/gitlab-mcp-server/pkg/gitlab/commits.go:119.18,121.5 1 0
github.com/LuisCusihuaman/gitlab-mcp-server/pkg/gitlab/commits.go:122.4,122.51 1 1
github.com/LuisCusihuaman/gitlab-mcp-server/pkg/gitlab/dynamic_toolsets.go:22.130,29.2 1 1
github.com/LuisCusihuaman/gitlab-mcp-server/pkg/gitlab/dynamic_toolsets.go:32.64,34.13 2 1
github.com/LuisCusihuaman/gitlab-mcp-server/pkg/gitlab/dynamic_toolsets.go:34.13,36.3 1 1
github.com/LuisCusihuaman/gitlab-mcp-server/pkg/gitlab/dynamic_toolsets.go:40.60,65.2 5 1
github.com/LuisCusihuaman/gitlab-mcp-server/pkg/gitlab/dynamic_toolsets.go:68.133,72.29 3 1
github.com/LuisCusihuaman/gitlab-mcp-server/pkg/gitlab/dynamic_toolsets.go:72.29,74.19 2 1
github.com/LuisCusihuaman/gitlab-mcp-server/pkg/gitlab/dynamic_toolsets.go:74.19,76.4 1 1
github.com/LuisCusihuaman/gitlab-mcp-server/pkg/gitlab/dynamic_toolsets.go:77.3,77.107 1 1
github.com/LuisCusihuaman/gitlab-mcp-server/pkg/gitlab/dynamic_toolsets.go:80.2,80.43 1 1
github.com/LuisCusihuaman/gitlab-mcp-server/pkg/gitlab/dynamic_toolsets.go:84.134,87.9 2 1
github.com/LuisCusihuaman/gitlab-mcp-server/pkg/gitlab/dynamic_toolsets.go:87.9,89.3 1 1
github.com/LuisCusihuaman/gitlab-mcp-server/pkg/gitlab/dynamic_toolsets.go:91.2,92.9 2 1
github.com/LuisCusihuaman/gitlab-mcp-server/pkg/gitlab/dynamic_toolsets.go:92.9,94.3 1 1
github.com/LuisCusihuaman/gitlab-mcp-server/pkg/gitlab/dynamic_toolsets.go:96.2,99.68 2 1
github.com/LuisCusihuaman/gitlab-mcp-server/pkg/gitlab/dynamic_toolsets.go:99.68,101.3 1 1
github.com/LuisCusihuaman/gitlab-mcp-server/pkg/gitlab/dynamic_toolsets.go:104.2,104.62 1 1
github.com/LuisCusihuaman/gitlab-mcp-server/pkg/gitlab/dynamic_toolsets.go:104.62,106.3 1 0
github.com/LuisCusihuaman/gitlab-mcp-server/pkg/gitlab/dynamic_toolsets.go:108.2,108.124 1 1
github.com/LuisCusihuaman/gitlab-mcp-server/pkg/gitlab/dynamic_toolsets.go:112.82,116.29 3 1
github.com/LuisCusihuaman/gitlab-mcp-server/pkg/gitlab/dynamic_toolsets.go:116.29,117.31 1 1
github.com/LuisCusihuaman/gitlab-mcp-server/pkg/gitlab/dynamic_toolsets.go:117.31,120.9 3 1
github.com/LuisCusihuaman/gitlab-mcp-server/pkg/gitlab/dynamic_toolsets.go:124.2,124.12 1 1
github.com/LuisCusihuaman/gitlab-mcp-server/pkg/gitlab/dynamic_toolsets.go:124.12,126.3 1 1
github.com/LuisCusihuaman/gitlab-mcp-server/pkg/gitlab/dynamic_toolsets.go:130.2,133.12 3 1
github.com/LuisCusihuaman/gitlab-mcp-server/pkg/gitlab/helpers.go:17.108,18.16 1 1
github.com/LuisCusihuaman/gitlab-mcp-server/pkg/gitlab/helpers.go:18.16,20.3 1 1
github.com/LuisCusihuaman/gitlab-mcp-server/pkg/gitlab/helpers.go:22.2,23.17 2 1
github.com/LuisCusihuaman/gitlab-mcp-server/pkg/gitlab/helpers.go:23.17,25.3 1 1
github.com/LuisCusihuaman/gitlab-mcp-server/pkg/gitlab/helpers.go:28.2,28.37 1 1
github.com/LuisCusihuaman/gitlab-mcp-server/pkg/gitlab/helpers.go:28.37,31.3 2 1
github.com/LuisCusihuaman/gitlab-mcp-server/pkg/gitlab/helpers.go:34.2,34.33 1 1
github.com/LuisCusihuaman/gitlab-mcp-server/pkg/gitlab/helpers.go:34.33,37.3 2 1
github.com/LuisCusihuaman/gitlab-mcp-server/pkg/gitlab/helpers.go:40.2,40.77 1 1
github.com/LuisCusihuaman/gitlab-mcp-server/pkg/gitlab/helpers.go:40.77,43.3 2 1
github.com/LuisCusihuaman/gitlab-mcp-server/pkg/gitlab/helpers.go:46.2,46.97 1 1
github.com/LuisCusihuaman/gitlab-mcp-server/pkg/gitlab/helpers.go:55.112,56.16 1 1
github.com/LuisCusihuaman/gitlab-mcp-server/pkg/gitlab/helpers.go:56.16,58.3 1 1
github.com/LuisCusihuaman/gitlab-mcp-server/pkg/gitlab/helpers.go:60.2,61.17 2 1
github.com/LuisCusihuaman/gitlab-mcp-server/pkg/gitlab/helpers.go:61.17,63.3 1 1
github.com/LuisCusihuaman/gitlab-mcp-server/pkg/gitlab/helpers.go:66.2,66.37 1 1
github.com/LuisCusihuaman/gitlab-mcp-server/pkg/gitlab/helpers.go:66.37,69.3 2 1
github.com/LuisCusihuaman/gitlab-mcp-server/pkg/gitlab/helpers.go:73.2,73.94 1 1
github.com/LuisCusihuaman/gitlab-mcp-server/pkg/gitlab/helpers.go:82.131,83.16 1 1
github.com/LuisCusihuaman/gitlab-mcp-server/pkg/gitlab/helpers.go:83.16,85.3 1 1
github.com/LuisCusihuaman/gitlab-mcp-server/pkg/gitlab/helpers.go:87.2,88.17 2 1
github.com/LuisCusihuaman/gitlab-mcp-server/pkg/gitlab/helpers.go:88.17,90.3 1 1
github.com/LuisCusihuaman/gitlab-mcp-server/pkg/gitlab/helpers.go:93.2,93.37 1 1
github.com/LuisCusihuaman/gitlab-mcp-server/pkg/gitlab/helpers.go:93.37,96.3 2 1
github.com/LuisCusihuaman/gitlab-mcp-server/pkg/gitlab/helpers.go:99.2,99.33 1 1
github.com/LuisCusihuaman/gitlab-mcp-server/pkg/gitlab/helpers.go:99.33,102.3 2 1
github.com/LuisCusihuaman/gitlab-mcp-server/pkg/gitlab/helpers.go:105.2,105.77 1 1
github.com/LuisCusihuaman/gitlab-mcp-server/pkg/gitlab/helpers.go:105.77,108.3 2 1
github.com/LuisCusihuaman/gitlab-mcp-server/pkg/gitlab/helpers.go:111.2,111.103 1 1
github.com/LuisCusihuaman/gitlab-mcp-server/pkg/gitlab/issues.go:18.94,41.83 1 1
github.com/LuisCusihuaman/gitlab-mcp-server/pkg/gitlab/issues.go:41.83,44.18 2 1
github.com/LuisCusihuaman/gitlab-mcp-server/pkg/gitlab/issues.go:44.18,47.5 1 1
github.com/LuisCusihuaman/gitlab-mcp-server/pkg/gitlab/issues.go:50.4,51.18 2 1
github.com/LuisCusihuaman/gitlab-mcp-server/pkg/gitlab/issues.go:51.18,54.5 1 1
github.com/LuisCusihuaman/gitlab-mcp-server/pkg/gitlab/issues.go:57.4,58.18 2 1
github.com/LuisCusihuaman/gitlab-mcp-server/pkg/gitlab/issues.go:58.18,60.5 1 0
github.com/LuisCusihuaman/gitlab-mcp-server/pkg/gitlab/issues.go:61.4,63.42 2 1
github.com/LuisCusihuaman/gitlab-mcp-server/pkg/gitlab/issues.go:63.42,65.5 1 1
github.com/LuisCusihuaman/gitlab-mcp-server/pkg/gitlab/issues.go:68.4,71.18 2 1
github.com/LuisCusihuaman/gitlab-mcp-server/pkg/gitlab/issues.go:71.18,73.22 2 1
github.com/LuisCusihuaman/gitlab-mcp-server/pkg/gitlab/issues.go:73.22,75.6 1 1
github.com/LuisCusihuaman/gitlab-mcp-server/pkg/gitlab/issues.go:76.5,76.23 1 1
github.com/LuisCusihuaman/gitlab-mcp-server/pkg/gitlab/issues.go:80.4,81.18 2 1
github.com/LuisCusihuaman/gitlab-mcp-server/pkg/gitlab/issues.go:81.18,84.5 1 0
github.com/LuisCusihuaman/gitlab-mcp-server/pkg/gitlab/issues.go:86.4,86.55 1 1
github.com/LuisCusihuaman/gitlab-mcp-server/pkg/gitlab/issues.go:93.109,154.87 1 1
github.com/LuisCusihuaman/gitlab-mcp-server/pkg/gitlab/issues.go:154.87,157.18 2 1
github.com/LuisCusihuaman/gitlab-mcp-server/pkg/gitlab/issues.go:157.18,159.5 1 1
github.com/LuisCusihuaman/gitlab-mcp-server/pkg/gitlab/issues.go:162.4,163.18 2 1
github.com/LuisCusihuaman/gitlab-mcp-server/pkg/gitlab/issues.go:163.18,165.5 1 1
github.com/LuisCusihuaman/gitlab-mcp-server/pkg/gitlab/issues.go:168.4,169.18 2 1
github.com/LuisCusihuaman/gitlab-mcp-server/pkg/gitlab/issues.go:169.18,171.5 1 0
github.com/LuisCusihuaman/gitlab-mcp-server/pkg/gitlab/issues.go:173.4,174.18 2 1
github.com/LuisCusihuaman/gitlab-mcp-server/pkg/gitlab/issues.go:174.18,176.5 1 0
github.com/LuisCusihuaman/gitlab-mcp-server/pkg/gitlab/issues.go:178.4,179.18 2 1
github.com/LuisCusihuaman/gitlab-mcp-server/pkg/gitlab/issues.go:179.18,181.5 1 0
github.com/LuisCusihuaman/gitlab-mcp-server/pkg/gitlab/issues.go:183.4,184.18 2 1
github.com/LuisCusihuaman/gitlab-mcp-server/pkg/gitlab/issues.go:184.18,186.5 1 0
github.com/LuisCusihuaman/gitlab-mcp-server/pkg/gitlab/issues.go:189.4,190.18 2 1
github.com/LuisCusihuaman/gitlab-mcp-server/pkg/gitlab/issues.go:190.18,192.5 1 0
github.com/LuisCusihuaman/gitlab-mcp-server/pkg/gitlab/issues.go:194.4,195.18 2 1
github.com/LuisCusihuaman/gitlab-mcp-server/pkg/gitlab/issues.go:195.18,197.5 1 0
github.com/LuisCusihuaman/gitlab-mcp-server/pkg/gitlab/issues.go:199.4,200.18 2 1
github.com/LuisCusihuaman/gitlab-mcp-server/pkg/gitlab/issues.go:200.18,202.5 1 0
github.com/LuisCusihuaman/gitlab-mcp-server/pkg/gitlab/issues.go:204.4,205.18 2 1
github.com/LuisCusihuaman/gitlab-mcp-server/pkg/gitlab/issues.go:205.18,207.5 1 0
github.com/LuisCusihuaman/gitlab-mcp-server/pkg/gitlab/issues.go:209.4,210.18 2 1
github.com/LuisCusihuaman/gitlab-mcp-server/pkg/gitlab/issues.go:210.18,212.5 1 0
github.com/LuisCusihuaman/gitlab-mcp-server/pkg/gitlab/issues.go:215.4,216.18 2 1
github.com/LuisCusihuaman/gitlab-mcp-server/pkg/gitlab/issues.go:216.18,218.5 1 1
github.com/LuisCusihuaman/gitlab-mcp-server/pkg/gitlab/issues.go:220.4,221.18 2 1
github.com/LuisCusihuaman/gitlab-mcp-server/pkg/gitlab/issues.go:221.18,223.5 1 0
github.com/LuisCusihuaman/gitlab-mcp-server/pkg/gitlab/issues.go:225.4,226.18 2 1
github.com/LuisCusihuaman/gitlab-mcp-server/pkg/gitlab/issues.go:226.18,228.5 1 0
github.com/LuisCusihuaman/gitlab-mcp-server/pkg/gitlab/issues.go:230.4,231.18 2 1
github.com/LuisCusihuaman/gitlab-mcp-server/pkg/gitlab/issues.go:231.18,233.5 1 0
github.com/LuisCusihuaman/gitlab-mcp-server/pkg/gitlab/issues.go:236.4,237.18 2 1
github.com/LuisCusihuaman/gitlab-mcp-server/pkg/gitlab/issues.go:237.18,239.5 1 0
github.com/LuisCusihuaman/gitlab-mcp-server/pkg/gitlab/issues.go:242.4,250.19 2 1
github.com/LuisCusihuaman/gitlab-mcp-server/pkg/gitlab/issues.go:250.19,252.5 1 1
github.com/LuisCusihuaman/gitlab-mcp-server/pkg/gitlab/issues.go:254.4,254.20 1 1
github.com/LuisCusihuaman/gitlab-mcp-server/pkg/gitlab/issues.go:254.20,260.5 3 1
github.com/LuisCusihuaman/gitlab-mcp-server/pkg/gitlab/issues.go:262.4,262.23 1 1
github.com/LuisCusihuaman/gitlab-mcp-server/pkg/gitlab/issues.go:262.23,264.5 1 0
github.com/LuisCusihuaman/gitlab-mcp-server/pkg/gitlab/issues.go:266.4,266.19 1 1
github.com/LuisCusihuaman/gitlab-mcp-server/pkg/gitlab/issues.go:266.19,268.5 1 0
github.com/LuisCusihuaman/gitlab-mcp-server/pkg/gitlab/issues.go:271.4,271.26 1 1
github.com/LuisCusihuaman/gitlab-mcp-server/pkg/gitlab/issues.go:271.26,274.5 2 0
github.com/LuisCusihuaman/gitlab-mcp-server/pkg/gitlab/issues.go:276.4,276.28 1 1
github.com/LuisCusihuaman/gitlab-mcp-server/pkg/gitlab/issues.go:276.28,279.5 2 0
github.com/LuisCusihuaman/gitlab-mcp-server/pkg/gitlab/issues.go:281.4,281.20 1 1
github.com/LuisCusihuaman/gitlab-mcp-server/pkg/gitlab/issues.go:281.20,283.5 1 0
github.com/LuisCusihuaman/gitlab-mcp-server/pkg/gitlab/issues.go:285.4,285.21 1 1
github.com/LuisCusihuaman/gitlab-mcp-server/pkg/gitlab/issues.go:285.21,287.5 1 0
github.com/LuisCusihuaman/gitlab-mcp-server/pkg/gitlab/issues.go:289.4,289.18 1 1
github.com/LuisCusihuaman/gitlab-mcp-server/pkg/gitlab/issues.go:289.18,291.5 1 0
github.com/LuisCusihuaman/gitlab-mcp-server/pkg/gitlab/issues.go:294.4,303.18 6 1
github.com/LuisCusihuaman/gitlab-mcp-server/pkg/gitlab/issues.go:303.18,305.22 2 1
github.com/LuisCusihuaman/gitlab-mcp-server/pkg/gitlab/issues.go:305.22,307.6 1 0
github.com/LuisCusihuaman/gitlab-mcp-server/pkg/gitlab/issues.go:308.5,308.23 1 1
github.com/LuisCusihuaman/gitlab-mcp-server/pkg/gitlab/issues.go:312.4,312.24 1 1
github.com/LuisCusihuaman/gitlab-mcp-server/pkg/gitlab/issues.go:312.24,314.5 1 1
github.com/LuisCusihuaman/gitlab-mcp-server/pkg/gitlab/issues.go:317.4,318.18 2 1
github.com/LuisCusihuaman/gitlab-mcp-server/pkg/gitlab/issues.go:318.18,320.5 1 0
github.com/LuisCusihuaman/gitlab-mcp-server/pkg/gitlab/issues.go:321.4,321.51 1 1
github.com/LuisCusihuaman/gitlab-mcp-server/pkg/gitlab/issues.go:326.115,347.87 1 1
github.com/LuisCusihuaman/gitlab-mcp-server/pkg/gitlab/issues.go:347.87,350.18 2 1
github.com/LuisCusihuaman/gitlab-mcp-server/pkg/gitlab/issues.go:350.18,352.5 1 1
github.com/LuisCusihuaman/gitlab-mcp-server/pkg/gitlab/issues.go:354.4,355.18 2 1
github.com/LuisCusihuaman/gitlab-mcp-server/pkg/gitlab/issues.go:355.18,357.5 1 1
github.com/LuisCusihuaman/gitlab-mcp-server/pkg/gitlab/issues.go:358.4,360.42 2 1
github.com/LuisCusihuaman/gitlab-mcp-server/pkg/gitlab/issues.go:360.42,362.5 1 1
github.com/LuisCusihuaman/gitlab-mcp-server/pkg/gitlab/issues.go:365.4,366.18 2 1
github.com/LuisCusihuaman/gitlab-mcp-server/pkg/gitlab/issues.go:366.18,368.5 1 0
github.com/LuisCusihuaman/gitlab-mcp-server/pkg/gitlab/issues.go:371.4,372.18 2 1
github.com/LuisCusihuaman/gitlab-mcp-server/pkg/gitlab/issues.go:372.18,374.5 1 1
github.com/LuisCusihuaman/gitlab-mcp-server/pkg/gitlab/issues.go:377.4,388.18 3 1
github.com/LuisCusihuaman/gitlab-mcp-server/pkg/gitlab/issues.go:388.18,390.22 2 1
github.com/LuisCusihuaman/gitlab-mcp-server/pkg/gitlab/issues.go:390.22,392.6 1 1
github.com/LuisCusihuaman/gitlab-mcp-server/pkg/gitlab/issues.go:393.5,393.23 1 1
github.com/LuisCusihuaman/gitlab-mcp-server/pkg/gitlab/issues.go:398.4,398.23 1 1
github.com/LuisCusihuaman/gitlab-mcp-server/pkg/gitlab/issues.go:398.23,400.5 1 1
github.com/LuisCusihuaman/gitlab-mcp-server/pkg/gitlab/issues.go:402.4,403.18 2 1
github.com/LuisCusihuaman/gitlab-mcp-server/pkg/gitlab/issues.go:403.18,405.5 1 0
github.com/LuisCusihuaman/gitlab-mcp-server/pkg/gitlab/issues.go:406.4,406.51 1 1
github.com/LuisCusihuaman/gitlab-mcp-server/pkg/gitlab/issues.go:411.113,430.87 1 1
github.com/LuisCusihuaman/gitlab-mcp-server/pkg/gitlab/issues.go:430.87,433.18 2 1
github.com/LuisCusihuaman/gitlab-mcp-server/pkg/gitlab/issues.go:433.18,435.5 1 1
github.com/LuisCusihuaman/gitlab-mcp-server/pkg/gitlab/issues.go:437.4,438.18 2 1
github.com/LuisCusihuaman/gitlab-mcp-server/pkg/gitlab/issues.go:438.18,440.5 1 1
github.com/LuisCusihuaman/gitlab-mcp-server/pkg/gitlab/issues.go:441.4,443.42 2 1
github.com/LuisCusihuaman/gitlab-mcp-server/pkg/gitlab/issues.go:443.42,445.5 1 1
github.com/LuisCusihuaman/gitlab-mcp-server/pkg/gitlab/issues.go:448.4,449.18 2 1
github.com/LuisCusihuaman/gitlab-mcp-server/pkg/gitlab/issues.go:449.18,451.5 1 1
github.com/LuisCusihuaman/gitlab-mcp-server/pkg/gitlab/issues.go:455.4,458.18 2 1
github.com/LuisCusihuaman/gitlab-mcp-server/pkg/gitlab/issues.go:458.18,460.22 2 1
github.com/LuisCusihuaman/gitlab-mcp-server/pkg/gitlab/issues.go:460.22,462.6 1 1
github.com/LuisCusihuaman/gitlab-mcp-server/pkg/gitlab/issues.go:463.5,463.23 1 1
github.com/LuisCusihuaman/gitlab-mcp-server/pkg/gitlab/issues.go:468.4,468.30 1 1
github.com/LuisCusihuaman/gitlab-mcp-server/pkg/gitlab/issues.go:468.30,470.5 1 1
github.com/LuisCusihuaman/gitlab-mcp-server/pkg/gitlab/issues.go:472.4,473.18 2 1
github.com/LuisCusihuaman/gitlab-mcp-server/pkg/gitlab/issues.go:473.18,475.5 1 0
github.com/LuisCusihuaman/gitlab-mcp-server/pkg/gitlab/issues.go:476.4,476.51 1 1
github.com/LuisCusihuaman/gitlab-mcp-server/pkg/gitlab/issues.go:481.110,519.87 1 1
github.com/LuisCusihuaman/gitlab-mcp-server/pkg/gitlab/issues.go:519.87,522.18 2 1
github.com/LuisCusihuaman/gitlab-mcp-server/pkg/gitlab/issues.go:522.18,524.5 1 1
github.com/LuisCusihuaman/gitlab-mcp-server/pkg/gitlab/issues.go:526.4,527.18 2 1
github.com/LuisCusihuaman/gitlab-mcp-server/pkg/gitlab/issues.go:527.18,529.5 1 1
github.com/LuisCusihuaman/gitlab-mcp-server/pkg/gitlab/issues.go:532.4,533.18 2 1
github.com/LuisCusihuaman/gitlab-mcp-server/pkg/gitlab/issues.go:533.18,535.5 1 0
github.com/LuisCusihuaman/gitlab-mcp-server/pkg/gitlab/issues.go:537.4,538.18 2 1
github.com/LuisCusihuaman/gitlab-mcp-server/pkg/gitlab/issues.go:538.18,540.5 1 0
github.com/LuisCusihuaman/gitlab-mcp-server/pkg/gitlab/issues.go:542.4,543.18 2 1
github.com/LuisCusihuaman/gitlab-mcp-server/pkg/gitlab/issues.go:543.18,545.5 1 0
github.com/LuisCusihuaman/gitlab-mcp-server/pkg/gitlab/issues.go:547.4,548.18 2 1
github.com/LuisCusihuaman/gitlab-mcp-server/pkg/gitlab/issues.go:548.18,550.5 1 0
github.com/LuisCusihuaman/gitlab-mcp-server/pkg/gitlab/issues.go:552.4,553.18 2 1
github.com/LuisCusihuaman/gitlab-mcp-server/pkg/gitlab/issues.go:553.18,555.5 1 0
github.com/LuisCusihuaman/gitlab-mcp-server/pkg/gitlab/issues.go:558.4,559.18 2 1
github.com/LuisCusihuaman/gitlab-mcp-server/pkg/gitlab/issues.go:559.18,561.5 1 1
github.com/LuisCusihuaman/gitlab-mcp-server/pkg/gitlab/issues.go:564.4,568.25 2 1
github.com/LuisCusihuaman/gitlab-mcp-server/pkg/gitlab/issues.go:568.25,570.5 1 1
github.com/LuisCusihuaman/gitlab-mcp-server/pkg/gitlab/issues.go:572.4,572.20 1 1
github.com/LuisCusihuaman/gitlab-mcp-server/pkg/gitlab/issues.go:572.20,575.38 2 1
github.com/LuisCusihuaman/gitlab-mcp-server/pkg/gitlab/issues.go:575.38,577.6 1 1
github.com/LuisCusihuaman/gitlab-mcp-server/pkg/gitlab/issues.go:578.5,579.29 2 1
github.com/LuisCusihuaman/gitlab-mcp-server/pkg/gitlab/issues.go:582.4,582.28 1 1
github.com/LuisCusihuaman/gitlab-mcp-server/pkg/gitlab/issues.go:582.28,585.43 3 1
github.com/LuisCusihuaman/gitlab-mcp-server/pkg/gitlab/issues.go:585.43,587.21 2 1
github.com/LuisCusihuaman/gitlab-mcp-server/pkg/gitlab/issues.go:587.21,588.15 1 0
github.com/LuisCusihuaman/gitlab-mcp-server/pkg/gitlab/issues.go:590.6,591.20 2 1
github.com/LuisCusihuaman/gitlab-mcp-server/pkg/gitlab/issues.go:591.20,593.7 1 1
github.com/LuisCusihuaman/gitlab-mcp-server/pkg/gitlab/issues.go:594.6,594.43 1 1
github.com/LuisCusihuaman/gitlab-mcp-server/pkg/gitlab/issues.go:596.5,596.29 1 1
github.com/LuisCusihuaman/gitlab-mcp-server/pkg/gitlab/issues.go:596.29,598.6 1 1
github.com/LuisCusihuaman/gitlab-mcp-server/pkg/gitlab/issues.go:601.4,601.29 1 1
github.com/LuisCusihuaman/gitlab-mcp-server/pkg/gitlab/issues.go:601.29,603.49 2 1
github.com/LuisCusihuaman/gitlab-mcp-server/pkg/gitlab/issues.go:603.49,605.6 1 0
github.com/LuisCusihuaman/gitlab-mcp-server/pkg/gitlab/issues.go:606.5,606.36 1 1
github.com/LuisCusihuaman/gitlab-mcp-server/pkg/gitlab/issues.go:609.4,609.24 1 1
github.com/LuisCusihuaman/gitlab-mcp-server/pkg/gitlab/issues.go:609.24,611.19 2 1
github.com/LuisCusihuaman/gitlab-mcp-server/pkg/gitlab/issues.go:611.19,613.6 1 1
github.com/LuisCusihuaman/gitlab-mcp-server/pkg/gitlab/issues.go:614.5,615.28 2 1
github.com/LuisCusihuaman/gitlab-mcp-server/pkg/gitlab/issues.go:619.4,622.18 2 1
github.com/LuisCusihuaman/gitlab-mcp-server/pkg/gitlab/issues.go:622.18,624.22 2 1
github.com/LuisCusihuaman/gitlab-mcp-server/pkg/gitlab/issues.go:624.22,626.6 1 1
github.com/LuisCusihuaman/gitlab-mcp-server/pkg/gitlab/issues.go:627.5,627.23 1 1
github.com/LuisCusihuaman/gitlab-mcp-server/pkg/gitlab/issues.go:631.4,632.18 2 1
github.com/LuisCusihuaman/gitlab-mcp-server/pkg/gitlab/issues.go:632.18,634.5 1 0
github.com/LuisCusihuaman/gitlab-mcp-server/pkg/gitlab/issues.go:635.4,635.51 1 1
github.com/LuisCusihuaman/gitlab-mcp-server/pkg/gitlab/issues.go:640.110,681.87 1 1
github.com/LuisCusihuaman/gitlab-mcp-server/pkg/gitlab/issues.go:681.87,684.18 2 1
github.com/LuisCusihuaman/gitlab-mcp-server/pkg/gitlab/issues.go:684.18,686.5 1 1
github.com/LuisCusihuaman/gitlab-mcp-server/pkg/gitlab/issues.go:688.4,689.18 2 1
github.com/LuisCusihuaman/gitlab-mcp-server/pkg/gitlab/issues.go:689.18,691.5 1 1
github.com/LuisCusihuaman/gitlab-mcp-server/pkg/gitlab/issues.go:692.4,693.42 2 1
github.com/LuisCusihuaman/gitlab-mcp-server/pkg/gitlab/issues.go:693.42,695.5 1 1
github.com/LuisCusihuaman/gitlab-mcp-server/pkg/gitlab/issues.go:698.4,699.18 2 1
github.com/LuisCusihuaman/gitlab-mcp-server/pkg/gitlab/issues.go:699.18,701.5 1 0
github.com/LuisCusihuaman/gitlab-mcp-server/pkg/gitlab/issues.go:703.4,704.18 2 1
github.com/LuisCusihuaman/gitlab-mcp-server/pkg/gitlab/issues.go:704.18,706.5 1 0
github.com/LuisCusihuaman/gitlab-mcp-server/pkg/gitlab/issues.go:708.4,709.18 2 1
github.com/LuisCusihuaman/gitlab-mcp-server/pkg/gitlab/issues.go:709.18,711.5 1 0
github.com/LuisCusihuaman/gitlab-mcp-server/pkg/gitlab/issues.go:713.4,714.18 2 1
github.com/LuisCusihuaman/gitlab-mcp-server/pkg/gitlab/issues.go:714.18,716.5 1 0
github.com/LuisCusihuaman/gitlab-mcp-server/pkg/gitlab/issues.go:718.4,719.18 2 1
github.com/LuisCusihuaman/gitlab-mcp-server/pkg/gitlab/issues.go:719.18,721.5 1 0
github.com/LuisCusihuaman/gitlab-mcp-server/pkg/gitlab/issues.go:723.4,724.18 2 1
github.com/LuisCusihuaman/gitlab-mcp-server/pkg/gitlab/issues.go:724.18,726.5 1 0
github.com/LuisCusihuaman/gitlab-mcp-server/pkg/gitlab/issues.go:728.4,729.18 2 1
github.com/LuisCusihuaman/gitlab-mcp-server/pkg/gitlab/issues.go:729.18,731.5 1 0
github.com/LuisCusihuaman/gitlab-mcp-server/pkg/gitlab/issues.go:734.4,735.18 2 1
github.com/LuisCusihuaman/gitlab-mcp-server/pkg/gitlab/issues.go:735.18,737.5 1 0
github.com/LuisCusihuaman/gitlab-mcp-server/pkg/gitlab/issues.go:740.4,742.19 2 1
github.com/LuisCusihuaman/gitlab-mcp-server/pkg/gitlab/issues.go:742.19,744.5 1 1
github.com/LuisCusihuaman/gitlab-mcp-server/pkg/gitlab/issues.go:746.4,746.25 1 1
github.com/LuisCusihuaman/gitlab-mcp-server/pkg/gitlab/issues.go:746.25,748.5 1 1
github.com/LuisCusihuaman/gitlab-mcp-server/pkg/gitlab/issues.go:750.4,750.20 1 1
github.com/LuisCusihuaman/gitlab-mcp-server/pkg/gitlab/issues.go:750.20,753.38 2 1
github.com/LuisCusihuaman/gitlab-mcp-server/pkg/gitlab/issues.go:753.38,755.6 1 1
github.com/LuisCusihuaman/gitlab-mcp-server/pkg/gitlab/issues.go:756.5,757.29 2 1
github.com/LuisCusihuaman/gitlab-mcp-server/pkg/gitlab/issues.go:760.4,760.28 1 1
github.com/LuisCusihuaman/gitlab-mcp-server/pkg/gitlab/issues.go:760.28,763.43 3 1
github.com/LuisCusihuaman/gitlab-mcp-server/pkg/gitlab/issues.go:763.43,765.21 2 1
github.com/LuisCusihuaman/gitlab-mcp-server/pkg/gitlab/issues.go:765.21,766.15 1 0
github.com/LuisCusihuaman/gitlab-mcp-server/pkg/gitlab/issues.go:768.6,769.20 2 1
github.com/LuisCusihuaman/gitlab-mcp-server/pkg/gitlab/issues.go:769.20,771.7 1 1
github.com/LuisCusihuaman/gitlab-mcp-server/pkg/gitlab/issues.go:772.6,772.43 1 1
github.com/LuisCusihuaman/gitlab-mcp-server/pkg/gitlab/issues.go:774.5,774.29 1 1
github.com/LuisCusihuaman/gitlab-mcp-server/pkg/gitlab/issues.go:774.29,776.6 1 1
github.com/LuisCusihuaman/gitlab-mcp-server/pkg/gitlab/issues.go:779.4,779.29 1 1
github.com/LuisCusihuaman/gitlab-mcp-server/pkg/gitlab/issues.go:779.29,781.49 2 1
github.com/LuisCusihuaman/gitlab-mcp-server/pkg/gitlab/issues.go:781.49,783.6 1 1
github.com/LuisCusihuaman/gitlab-mcp-server/pkg/gitlab/issues.go:784.5,784.36 1 1
github.com/LuisCusihuaman/gitlab-mcp-server/pkg/gitlab/issues.go:787.4,787.24 1 1
github.com/LuisCusihuaman/gitlab-mcp-server/pkg/gitlab/issues.go:787.24,789.19 2 1
github.com/LuisCusihuaman/gitlab-mcp-server/pkg/gitlab/issues.go:789.19,791.6 1 1
github.com/LuisCusihuaman/gitlab-mcp-server/pkg/gitlab/issues.go:792.5,793.28 2 1
github.com/LuisCusihuaman/gitlab-mcp-server/pkg/gitlab/issues.go:796.4,796.24 1 1
github.com/LuisCusihuaman/gitlab-mcp-server/pkg/gitlab/issues.go:796.24,798.5 1 1
github.com/LuisCusihuaman/gitlab-mcp-server/pkg/gitlab/issues.go:801.4,804.18 2 1
github.com/LuisCusihuaman/gitlab-mcp-server/pkg/gitlab/issues.go:804.18,806.22 2 1
github.com/LuisCusihuaman/gitlab-mcp-server/pkg/gitlab/issues.go:806.22,808.6 1 1
github.com/LuisCusihuaman/gitlab-mcp-server/pkg/gitlab/issues.go:809.5,809.23 1 1
github.com/LuisCusihuaman/gitlab-mcp-server/pkg/gitlab/issues.go:813.4,814.18 2 1
github.com/LuisCusihuaman/gitlab-mcp-server/pkg/gitlab/issues.go:814.18,816.5 1 0
github.com/LuisCusihuaman/gitlab-mcp-server/pkg/gitlab/issues.go:817.4,817.51 1 1
github.com/LuisCusihuaman/gitlab-mcp-server/pkg/gitlab/issues.go:822.117,844.87 1 1
github.com/LuisCusihuaman/gitlab-mcp-server/pkg/gitlab/issues.go:844.87,847.18 2 1
github.com/LuisCusihuaman/gitlab-mcp-server/pkg/gitlab/issues.go:847.18,849.5 1 1
github.com/LuisCusihuaman/gitlab-mcp-server/pkg/gitlab/issues.go:851.4,852.18 2 1
github.com/LuisCusihuaman/gitlab-mcp-server/pkg/gitlab/issues.go:852.18,854.5 1 0
github.com/LuisCusihuaman/gitlab-mcp-server/pkg/gitlab/issues.go:855.4,856.42 2 1
github.com/LuisCusihuaman/gitlab-mcp-server/pkg/gitlab/issues.go:856.42,858.5 1 0
github.com/LuisCusihuaman/gitlab-mcp-server/pkg/gitlab/issues.go:860.4,861.18 2 1
github.com/LuisCusihuaman/gitlab-mcp-server/pkg/gitlab/issues.go:861.18,863.5 1 1
github.com/LuisCusihuaman/gitlab-mcp-server/pkg/gitlab/issues.go:866.4,867.18 2 1
github.com/LuisCusihuaman/gitlab-mcp-server/pkg/gitlab/issues.go:867.18,869.5 1 0
github.com/LuisCusihuaman/gitlab-mcp-server/pkg/gitlab/issues.go:872.4,880.18 3 1
github.com/LuisCusihuaman/gitlab-mcp-server/pkg/gitlab/issues.go:880.18,882.22 2 1
github.com/LuisCusihuaman/gitlab-mcp-server/pkg/gitlab/issues.go:882.22,884.6 1 1
github.com/LuisCusihuaman/gitlab-mcp-server/pkg/gitlab/issues.go:885.5,885.23 1 1
github.com/LuisCusihuaman/gitlab-mcp-server/pkg/gitlab/issues.go:889.4,890.18 2 1
github.com/LuisCusihuaman/gitlab-mcp-server/pkg/gitlab/issues.go:890.18,892.5 1 0
github.com/LuisCusihuaman/gitlab-mcp-server/pkg/gitlab/issues.go:893.4,893.51 1 1
github.com/LuisCusihuaman/gitlab-mcp-server/pkg/gitlab/issues.go:898.117,924.87 1 1
github.com/LuisCusihuaman/gitlab-mcp-server/pkg/gitlab/issues.go:924.87,927.18 2 1
github.com/LuisCusihuaman/gitlab-mcp-server/pkg/gitlab/issues.go:927.18,929.5 1 0
github.com/LuisCusihuaman/gitlab-mcp-server/pkg/gitlab/issues.go:931.4,932.18 2 1
github.com/LuisCusihuaman/gitlab-mcp-server/pkg/gitlab/issues.go:932.18,934.5 1 0
github.com/LuisCusihuaman/gitlab-mcp-server/pkg/gitlab/issues.go:935.4,936.42 2 1
github.com/LuisCusihuaman/gitlab-mcp-server/pkg/gitlab/issues.go:936.42,938.5 1 0
github.com/LuisCusihuaman/gitlab-mcp-server/pkg/gitlab/issues.go:940.4,941.18 2 1
github.com/LuisCusihuaman/gitlab-mcp-server/pkg/gitlab/issues.go:941.18,943.5 1 1
github.com/LuisCusihuaman/gitlab-mcp-server/pkg/gitlab/issues.go:944.4,945.38 2 1
github.com/LuisCusihuaman/gitlab-mcp-server/pkg/gitlab/issues.go:945.38,947.5 1 0
github.com/LuisCusihuaman/gitlab-mcp-server/pkg/gitlab/issues.go:949.4,950.18 2 1
github.com/LuisCusihuaman/gitlab-mcp-server/pkg/gitlab/issues.go:950.18,952.5 1 0
github.com/LuisCusihuaman/gitlab-mcp-server/pkg/gitlab/issues.go:955.4,956.18 2 1
github.com/LuisCusihuaman/gitlab-mcp-server/pkg/gitlab/issues.go:956.18,958.5 1 0
github.com/LuisCusihuaman/gitlab-mcp-server/pkg/gitlab/issues.go:961.4,969.18 3 1
github.com/LuisCusihuaman/gitlab-mcp-server/pkg/gitlab/issues.go:969.18,971.22 2 1
github.com/LuisCusihuaman/gitlab-mcp-server/pkg/gitlab/issues.go:971.22,973.6 1 1
github.com/LuisCusihuaman/gitlab-mcp-server/pkg/gitlab/issues.go:974.5,974.23 1 1
github.com/LuisCusihuaman/gitlab-mcp-server/pkg/gitlab/issues.go:978.4,979.18 2 1
github.com/LuisCusihuaman/gitlab-mcp-server/pkg/gitlab/issues.go:979.18,981.5 1 0
github.com/LuisCusihuaman/gitlab-mcp-server/pkg/gitlab/issues.go:982.4,982.51 1 1
github.com/LuisCusihuaman/gitlab-mcp-server/pkg/gitlab/merge_requests.go:18.114,36.87 1 1
github.com/LuisCusihuaman/gitlab-mcp-server/pkg/gitlab/merge_requests.go:36.87,39.18 2 1
github.com/LuisCusihuaman/gitlab-mcp-server/pkg/gitlab/merge_requests.go:39.18,41.5 1 1
github.com/LuisCusihuaman/gitlab-mcp-server/pkg/gitlab/merge_requests.go:43.4,44.18 2 1
github.com/LuisCusihuaman/gitlab-mcp-server/pkg/gitlab/merge_requests.go:44.18,46.5 1 1
github.com/LuisCusihuaman/gitlab-mcp-server/pkg/gitlab/merge_requests.go:47.4,49.36 2 1
github.com/LuisCusihuaman/gitlab-mcp-server/pkg/gitlab/merge_requests.go:49.36,51.5 1 1
github.com/LuisCusihuaman/gitlab-mcp-server/pkg/gitlab/merge_requests.go:54.4,55.18 2 1
github.com/LuisCusihuaman/gitlab-mcp-server/pkg/gitlab/merge_requests.go:55.18,57.5 1 1
github.com/LuisCusihuaman/gitlab-mcp-server/pkg/gitlab/merge_requests.go:60.4,63.18 2 1
github.com/LuisCusihuaman/gitlab-mcp-server/pkg/gitlab/merge_requests.go:63.18,65.22 2 1
github.com/LuisCusihuaman/gitlab-mcp-server/pkg/gitlab/merge_requests.go:65.22,67.6 1 1
github.com/LuisCusihuaman/gitlab-mcp-server/pkg/gitlab/merge_requests.go:68.5,68.23 1 1
github.com/LuisCusihuaman/gitlab-mcp-server/pkg/gitlab/merge_requests.go:72.4,73.18 2 1
github.com/LuisCusihuaman/gitlab-mcp-server/pkg/gitlab/merge_requests.go:73.18,75.5 1 0
github.com/LuisCusihuaman/gitlab-mcp-server/pkg/gitlab/merge_requests.go:76.4,76.51 1 1
github.com/LuisCusihuaman/gitlab-mcp-server/pkg/gitlab/merge_requests.go:81.122,102.87 1 1
github.com/LuisCusihuaman/gitlab-mcp-server/pkg/gitlab/merge_requests.go:102.87,105.18 2 1
github.com/LuisCusihuaman/gitlab-mcp-server/pkg/gitlab/merge_requests.go:105.18,107.5 1 1
github.com/LuisCusihuaman/gitlab-mcp-server/pkg/gitlab/merge_requests.go:109.4,110.18 2 1
github.com/LuisCusihuaman/gitlab-mcp-server/pkg/gitlab/merge_requests.go:110.18,112.5 1 1
github.com/LuisCusihuaman/gitlab-mcp-server/pkg/gitlab/merge_requests.go:113.4,115.36 2 1
github.com/LuisCusihuaman/gitlab-mcp-server/pkg/gitlab/merge_requests.go:115.36,117.5 1 1
github.com/LuisCusihuaman/gitlab-mcp-server/pkg/gitlab/merge_requests.go:120.4,121.18 2 1
github.com/LuisCusihuaman/gitlab-mcp-server/pkg/gitlab/merge_requests.go:121.18,123.5 1 0
github.com/LuisCusihuaman/gitlab-mcp-server/pkg/gitlab/merge_requests.go:126.4,127.18 2 1
github.com/LuisCusihuaman/gitlab-mcp-server/pkg/gitlab/merge_requests.go:127.18,129.5 1 1
github.com/LuisCusihuaman/gitlab-mcp-server/pkg/gitlab/merge_requests.go:132.4,143.18 3 1
github.com/LuisCusihuaman/gitlab-mcp-server/pkg/gitlab/merge_requests.go:143.18,145.22 2 1
github.com/LuisCusihuaman/gitlab-mcp-server/pkg/gitlab/merge_requests.go:145.22,147.6 1 1
github.com/LuisCusihuaman/gitlab-mcp-server/pkg/gitlab/merge_requests.go:148.5,148.23 1 1
github.com/LuisCusihuaman/gitlab-mcp-server/pkg/gitlab/merge_requests.go:153.4,153.23 1 1
github.com/LuisCusihuaman/gitlab-mcp-server/pkg/gitlab/merge_requests.go:153.23,155.5 1 1
github.com/LuisCusihuaman/gitlab-mcp-server/pkg/gitlab/merge_requests.go:157.4,158.18 2 1
github.com/LuisCusihuaman/gitlab-mcp-server/pkg/gitlab/merge_requests.go:158.18,160.5 1 0
github.com/LuisCusihuaman/gitlab-mcp-server/pkg/gitlab/merge_requests.go:161.4,161.51 1 1
github.com/LuisCusihuaman/gitlab-mcp-server/pkg/gitlab/merge_requests.go:166.116,227.87 1 1
github.com/LuisCusihuaman/gitlab-mcp-server/pkg/gitlab/merge_requests.go:227.87,230.18 2 1
github.com/LuisCusihuaman/gitlab-mcp-server/pkg/gitlab/merge_requests.go:230.18,232.5 1 1
github.com/LuisCusihuaman/gitlab-mcp-server/pkg/gitlab/merge_requests.go:235.4,236.18 2 1
github.com/LuisCusihuaman/gitlab-mcp-server/pkg/gitlab/merge_requests.go:236.18,238.5 1 1
github.com/LuisCusihuaman/gitlab-mcp-server/pkg/gitlab/merge_requests.go:241.4,245.18 3 1
github.com/LuisCusihuaman/gitlab-mcp-server/pkg/gitlab/merge_requests.go:245.18,247.5 1 0
github.com/LuisCusihuaman/gitlab-mcp-server/pkg/gitlab/merge_requests.go:248.4,252.89 3 1
github.com/LuisCusihuaman/gitlab-mcp-server/pkg/gitlab/merge_requests.go:252.89,254.5 1 1
github.com/LuisCusihuaman/gitlab-mcp-server/pkg/gitlab/merge_requests.go:256.4,256.89 1 1
github.com/LuisCusihuaman/gitlab-mcp-server/pkg/gitlab/merge_requests.go:256.89,258.5 1 0
github.com/LuisCusihuaman/gitlab-mcp-server/pkg/gitlab/merge_requests.go:260.4,260.99 1 1
github.com/LuisCusihuaman/gitlab-mcp-server/pkg/gitlab/merge_requests.go:260.99,263.19 2 0
github.com/LuisCusihuaman/gitlab-mcp-server/pkg/gitlab/merge_requests.go:263.19,265.6 1 0
github.com/LuisCusihuaman/gitlab-mcp-server/pkg/gitlab/merge_requests.go:266.5,266.24 1 0
github.com/LuisCusihuaman/gitlab-mcp-server/pkg/gitlab/merge_requests.go:269.4,269.105 1 1
github.com/LuisCusihuaman/gitlab-mcp-server/pkg/gitlab/merge_requests.go:269.105,272.19 2 0
github.com/LuisCusihuaman/gitlab-mcp-server/pkg/gitlab/merge_requests.go:272.19,274.6 1 0
github.com/LuisCusihuaman/gitlab-mcp-server/pkg/gitlab/merge_requests.go:275.5,275.40 1 0
github.com/LuisCusihuaman/gitlab-mcp-server/pkg/gitlab/merge_requests.go:278.4,278.92 1 1
github.com/LuisCusihuaman/gitlab-mcp-server/pkg/gitlab/merge_requests.go:278.92,283.5 3 1
github.com/LuisCusihuaman/gitlab-mcp-server/pkg/gitlab/merge_requests.go:285.4,285.101 1 1
github.com/LuisCusihuaman/gitlab-mcp-server/pkg/gitlab/merge_requests.go:285.101,287.5 1 0
github.com/LuisCusihuaman/gitlab-mcp-server/pkg/gitlab/merge_requests.go:289.4,289.92 1 1
github.com/LuisCusihuaman/gitlab-mcp-server/pkg/gitlab/merge_requests.go:289.92,291.5 1 0
github.com/LuisCusihuaman/gitlab-mcp-server/pkg/gitlab/merge_requests.go:294.4,294.111 1 1
github.com/LuisCusihuaman/gitlab-mcp-server/pkg/gitlab/merge_requests.go:294.111,296.19 2 1
github.com/LuisCusihuaman/gitlab-mcp-server/pkg/gitlab/merge_requests.go:296.19,298.6 1 1
github.com/LuisCusihuaman/gitlab-mcp-server/pkg/gitlab/merge_requests.go:299.5,299.27 1 0
github.com/LuisCusihuaman/gitlab-mcp-server/pkg/gitlab/merge_requests.go:302.4,302.114 1 1
github.com/LuisCusihuaman/gitlab-mcp-server/pkg/gitlab/merge_requests.go:302.114,304.19 2 0
github.com/LuisCusihuaman/gitlab-mcp-server/pkg/gitlab/merge_requests.go:304.19,306.6 1 0
github.com/LuisCusihuaman/gitlab-mcp-server/pkg/gitlab/merge_requests.go:307.5,307.28 1 0
github.com/LuisCusihuaman/gitlab-mcp-server/pkg/gitlab/merge_requests.go:310.4,310.111 1 1
github.com/LuisCusihuaman/gitlab-mcp-server/pkg/gitlab/merge_requests.go:310.111,312.19 2 0
github.com/LuisCusihuaman/gitlab-mcp-server/pkg/gitlab/merge_requests.go:312.19,314.6 1 0
github.com/LuisCusihuaman/gitlab-mcp-server/pkg/gitlab/merge_requests.go:315.5,315.27 1 0
github.com/LuisCusihuaman/gitlab-mcp-server/pkg/gitlab/merge_requests.go:318.4,318.114 1 1
github.com/LuisCusihuaman/gitlab-mcp-server/pkg/gitlab/merge_requests.go:318.114,320.19 2 0
github.com/LuisCusihuaman/gitlab-mcp-server/pkg/gitlab/merge_requests.go:320.19,322.6 1 0
github.com/LuisCusihuaman/gitlab-mcp-server/pkg/gitlab/merge_requests.go:323.5,323.28 1 0
github.com/LuisCusihuaman/gitlab-mcp-server/pkg/gitlab/merge_requests.go:326.4,326.86 1 1
github.com/LuisCusihuaman/gitlab-mcp-server/pkg/gitlab/merge_requests.go:326.86,328.5 1 1
github.com/LuisCusihuaman/gitlab-mcp-server/pkg/gitlab/merge_requests.go:330.4,330.96 1 1
github.com/LuisCusihuaman/gitlab-mcp-server/pkg/gitlab/merge_requests.go:330.96,332.5 1 1
github.com/LuisCusihuaman/gitlab-mcp-server/pkg/gitlab/merge_requests.go:335.4,338.18 2 1
github.com/LuisCusihuaman/gitlab-mcp-server/pkg/gitlab/merge_requests.go:338.18,340.22 2 1
github.com/LuisCusihuaman/gitlab-mcp-server/pkg/gitlab/merge_requests.go:340.22,342.6 1 0
github.com/LuisCusihuaman/gitlab-mcp-server/pkg/gitlab/merge_requests.go:343.5,343.23 1 1
github.com/LuisCusihuaman/gitlab-mcp-server/pkg/gitlab/merge_requests.go:348.4,348.21 1 1
github.com/LuisCusihuaman/gitlab-mcp-server/pkg/gitlab/merge_requests.go:348.21,350.5 1 1
github.com/LuisCusihuaman/gitlab-mcp-server/pkg/gitlab/merge_requests.go:352.4,353.18 2 1
github.com/LuisCusihuaman/gitlab-mcp-server/pkg/gitlab/merge_requests.go:353.18,355.5 1 0
github.com/LuisCusihuaman/gitlab-mcp-server/pkg/gitlab/merge_requests.go:356.4,356.51 1 1
github.com/LuisCusihuaman/gitlab-mcp-server/pkg/gitlab/merge_requests.go:361.117,406.87 1 1
github.com/LuisCusihuaman/gitlab-mcp-server/pkg/gitlab/merge_requests.go:406.87,409.18 2 1
github.com/LuisCusihuaman/gitlab-mcp-server/pkg/gitlab/merge_requests.go:409.18,411.5 1 1
github.com/LuisCusihuaman/gitlab-mcp-server/pkg/gitlab/merge_requests.go:413.4,414.18 2 1
github.com/LuisCusihuaman/gitlab-mcp-server/pkg/gitlab/merge_requests.go:414.18,416.5 1 1
github.com/LuisCusihuaman/gitlab-mcp-server/pkg/gitlab/merge_requests.go:418.4,419.18 2 1
github.com/LuisCusihuaman/gitlab-mcp-server/pkg/gitlab/merge_requests.go:419.18,421.5 1 0
github.com/LuisCusihuaman/gitlab-mcp-server/pkg/gitlab/merge_requests.go:423.4,424.18 2 1
github.com/LuisCusihuaman/gitlab-mcp-server/pkg/gitlab/merge_requests.go:424.18,426.5 1 0
github.com/LuisCusihuaman/gitlab-mcp-server/pkg/gitlab/merge_requests.go:429.4,430.18 2 1
github.com/LuisCusihuaman/gitlab-mcp-server/pkg/gitlab/merge_requests.go:430.18,432.5 1 0
github.com/LuisCusihuaman/gitlab-mcp-server/pkg/gitlab/merge_requests.go:434.4,435.18 2 1
github.com/LuisCusihuaman/gitlab-mcp-server/pkg/gitlab/merge_requests.go:435.18,437.5 1 0
github.com/LuisCusihuaman/gitlab-mcp-server/pkg/gitlab/merge_requests.go:439.4,440.18 2 1
github.com/LuisCusihuaman/gitlab-mcp-server/pkg/gitlab/merge_requests.go:440.18,442.5 1 0
github.com/LuisCusihuaman/gitlab-mcp-server/pkg/gitlab/merge_requests.go:444.4,445.18 2 1
github.com/LuisCusihuaman/gitlab-mcp-server/pkg/gitlab/merge_requests.go:445.18,447.5 1 0
github.com/LuisCusihuaman/gitlab-mcp-server/pkg/gitlab/merge_requests.go:449.4,450.18 2 1
github.com/LuisCusihuaman/gitlab-mcp-server/pkg/gitlab/merge_requests.go:450.18,452.5 1 0
github.com/LuisCusihuaman/gitlab-mcp-server/pkg/gitlab/merge_requests.go:454.4,455.18 2 1
github.com/LuisCusihuaman/gitlab-mcp-server/pkg/gitlab/merge_requests.go:455.18,457.5 1 0
github.com/LuisCusihuaman/gitlab-mcp-server/pkg/gitlab/merge_requests.go:460.4,461.18 2 1
github.com/LuisCusihuaman/gitlab-mcp-server/pkg/gitlab/merge_requests.go:461.18,463.5 1 0
github.com/LuisCusihuaman/gitlab-mcp-server/pkg/gitlab/merge_requests.go:466.4,472.25 2 1
github.com/LuisCusihuaman/gitlab-mcp-server/pkg/gitlab/merge_requests.go:472.25,474.5 1 1
github.com/LuisCusihuaman/gitlab-mcp-server/pkg/gitlab/merge_requests.go:476.4,476.20 1 1
github.com/LuisCusihuaman/gitlab-mcp-server/pkg/gitlab/merge_requests.go:476.20,479.38 2 1
github.com/LuisCusihuaman/gitlab-mcp-server/pkg/gitlab/merge_requests.go:479.38,481.6 1 1
github.com/LuisCusihuaman/gitlab-mcp-server/pkg/gitlab/merge_requests.go:482.5,483.29 2 1
github.com/LuisCusihuaman/gitlab-mcp-server/pkg/gitlab/merge_requests.go:486.4,486.28 1 1
github.com/LuisCusihuaman/gitlab-mcp-server/pkg/gitlab/merge_requests.go:486.28,489.43 3 1
github.com/LuisCusihuaman/gitlab-mcp-server/pkg/gitlab/merge_requests.go:489.43,491.21 2 1
github.com/LuisCusihuaman/gitlab-mcp-server/pkg/gitlab/merge_requests.go:491.21,492.15 1 0
github.com/LuisCusihuaman/gitlab-mcp-server/pkg/gitlab/merge_requests.go:494.6,495.20 2 1
github.com/LuisCusihuaman/gitlab-mcp-server/pkg/gitlab/merge_requests.go:495.20,497.7 1 0
github.com/LuisCusihuaman/gitlab-mcp-server/pkg/gitlab/merge_requests.go:498.6,498.43 1 1
github.com/LuisCusihuaman/gitlab-mcp-server/pkg/gitlab/merge_requests.go:500.5,500.29 1 1
github.com/LuisCusihuaman/gitlab-mcp-server/pkg/gitlab/merge_requests.go:500.29,502.6 1 1
github.com/LuisCusihuaman/gitlab-mcp-server/pkg/gitlab/merge_requests.go:505.4,505.29 1 1
github.com/LuisCusihuaman/gitlab-mcp-server/pkg/gitlab/merge_requests.go:505.29,507.49 2 1
github.com/LuisCusihuaman/gitlab-mcp-server/pkg/gitlab/merge_requests.go:507.49,509.6 1 0
github.com/LuisCusihuaman/gitlab-mcp-server/pkg/gitlab/merge_requests.go:510.5,510.36 1 1
github.com/LuisCusihuaman/gitlab-mcp-server/pkg/gitlab/merge_requests.go:513.4,513.33 1 1
github.com/LuisCusihuaman/gitlab-mcp-server/pkg/gitlab/merge_requests.go:513.33,515.5 1 1
github.com/LuisCusihuaman/gitlab-mcp-server/pkg/gitlab/merge_requests.go:517.4,517.21 1 1
github.com/LuisCusihuaman/gitlab-mcp-server/pkg/gitlab/merge_requests.go:517.21,519.5 1 1
github.com/LuisCusihuaman/gitlab-mcp-server/pkg/gitlab/merge_requests.go:522.4,525.18 2 1
github.com/LuisCusihuaman/gitlab-mcp-server/pkg/gitlab/merge_requests.go:525.18,527.22 2 1
github.com/LuisCusihuaman/gitlab-mcp-server/pkg/gitlab/merge_requests.go:527.22,529.6 1 1
github.com/LuisCusihuaman/gitlab-mcp-server/pkg/gitlab/merge_requests.go:530.5,530.23 1 1
github.com/LuisCusihuaman/gitlab-mcp-server/pkg/gitlab/merge_requests.go:534.4,535.18 2 1
github.com/LuisCusihuaman/gitlab-mcp-server/pkg/gitlab/merge_requests.go:535.18,537.5 1 0
github.com/LuisCusihuaman/gitlab-mcp-server/pkg/gitlab/merge_requests.go:538.4,538.51 1 1
github.com/LuisCusihuaman/gitlab-mcp-server/pkg/gitlab/merge_requests.go:543.117,590.87 1 1
github.com/LuisCusihuaman/gitlab-mcp-server/pkg/gitlab/merge_requests.go:590.87,593.18 2 1
github.com/LuisCusihuaman/gitlab-mcp-server/pkg/gitlab/merge_requests.go:593.18,595.5 1 1
github.com/LuisCusihuaman/gitlab-mcp-server/pkg/gitlab/merge_requests.go:597.4,598.18 2 1
github.com/LuisCusihuaman/gitlab-mcp-server/pkg/gitlab/merge_requests.go:598.18,600.5 1 0
github.com/LuisCusihuaman/gitlab-mcp-server/pkg/gitlab/merge_requests.go:601.4,602.36 2 1
github.com/LuisCusihuaman/gitlab-mcp-server/pkg/gitlab/merge_requests.go:602.36,604.5 1 1
github.com/LuisCusihuaman/gitlab-mcp-server/pkg/gitlab/merge_requests.go:607.4,608.18 2 1
github.com/LuisCusihuaman/gitlab-mcp-server/pkg/gitlab/merge_requests.go:608.18,610.5 1 0
github.com/LuisCusihuaman/gitlab-mcp-server/pkg/gitlab/merge_requests.go:612.4,613.18 2 1
github.com/LuisCusihuaman/gitlab-mcp-server/pkg/gitlab/merge_requests.go:613.18,615.5 1 0
github.com/LuisCusihuaman/gitlab-mcp-server/pkg/gitlab/merge_requests.go:617.4,618.18 2 1
github.com/LuisCusihuaman/gitlab-mcp-server/pkg/gitlab/merge_requests.go:618.18,620.5 1 0
github.com/LuisCusihuaman/gitlab-mcp-server/pkg/gitlab/merge_requests.go:622.4,623.18 2 1
github.com/LuisCusihuaman/gitlab-mcp-server/pkg/gitlab/merge_requests.go:623.18,625.5 1 0
github.com/LuisCusihuaman/gitlab-mcp-server/pkg/gitlab/merge_requests.go:627.4,628.18 2 1
github.com/LuisCusihuaman/gitlab-mcp-server/pkg/gitlab/merge_requests.go:628.18,630.5 1 0
github.com/LuisCusihuaman/gitlab-mcp-server/pkg/gitlab/merge_requests.go:632.4,633.18 2 1
github.com/LuisCusihuaman/gitlab-mcp-server/pkg/gitlab/merge_requests.go:633.18,635.5 1 0
github.com/LuisCusihuaman/gitlab-mcp-server/pkg/gitlab/merge_requests.go:637.4,638.18 2 1
github.com/LuisCusihuaman/gitlab-mcp-server/pkg/gitlab/merge_requests.go:638.18,640.5 1 0
github.com/LuisCusihuaman/gitlab-mcp-server/pkg/gitlab/merge_requests.go:642.4,643.18 2 1
github.com/LuisCusihuaman/gitlab-mcp-server/pkg/gitlab/merge_requests.go:643.18,645.5 1 0
github.com/LuisCusihuaman/gitlab-mcp-server/pkg/gitlab/merge_requests.go:647.4,648.18 2 1
github.com/LuisCusihuaman/gitlab-mcp-server/pkg/gitlab/merge_requests.go:648.18,650.5 1 0
github.com/LuisCusihuaman/gitlab-mcp-server/pkg/gitlab/merge_requests.go:653.4,654.18 2 1
github.com/LuisCusihuaman/gitlab-mcp-server/pkg/gitlab/merge_requests.go:654.18,656.5 1 0
github.com/LuisCusihuaman/gitlab-mcp-server/pkg/gitlab/merge_requests.go:659.4,661.19 2 1
github.com/LuisCusihuaman/gitlab-mcp-server/pkg/gitlab/merge_requests.go:661.19,663.5 1 1
github.com/LuisCusihuaman/gitlab-mcp-server/pkg/gitlab/merge_requests.go:665.4,665.25 1 1
github.com/LuisCusihuaman/gitlab-mcp-server/pkg/gitlab/merge_requests.go:665.25,667.5 1 1
github.com/LuisCusihuaman/gitlab-mcp-server/pkg/gitlab/merge_requests.go:669.4,669.26 1 1
github.com/LuisCusihuaman/gitlab-mcp-server/pkg/gitlab/merge_requests.go:669.26,671.5 1 0
github.com/LuisCusihuaman/gitlab-mcp-server/pkg/gitlab/merge_requests.go:673.4,673.20 1 1
github.com/LuisCusihuaman/gitlab-mcp-server/pkg/gitlab/merge_requests.go:673.20,676.38 2 1
github.com/LuisCusihuaman/gitlab-mcp-server/pkg/gitlab/merge_requests.go:676.38,678.6 1 1
github.com/LuisCusihuaman/gitlab-mcp-server/pkg/gitlab/merge_requests.go:679.5,680.29 2 1
github.com/LuisCusihuaman/gitlab-mcp-server/pkg/gitlab/merge_requests.go:683.4,683.28 1 1
github.com/LuisCusihuaman/gitlab-mcp-server/pkg/gitlab/merge_requests.go:683.28,686.43 3 1
github.com/LuisCusihuaman/gitlab-mcp-server/pkg/gitlab/merge_requests.go:686.43,688.21 2 1
github.com/LuisCusihuaman/gitlab-mcp-server/pkg/gitlab/merge_requests.go:688.21,689.15 1 0
github.com/LuisCusihuaman/gitlab-mcp-server/pkg/gitlab/merge_requests.go:691.6,692.20 2 1
github.com/LuisCusihuaman/gitlab-mcp-server/pkg/gitlab/merge_requests.go:692.20,694.7 1 1
github.com/LuisCusihuaman/gitlab-mcp-server/pkg/gitlab/merge_requests.go:695.6,695.43 1 1
github.com/LuisCusihuaman/gitlab-mcp-server/pkg/gitlab/merge_requests.go:697.5,697.29 1 1
github.com/LuisCusihuaman/gitlab-mcp-server/pkg/gitlab/merge_requests.go:697.29,699.6 1 1
github.com/LuisCusihuaman/gitlab-mcp-server/pkg/gitlab/merge_requests.go:702.4,702.29 1 1
github.com/LuisCusihuaman/gitlab-mcp-server/pkg/gitlab/merge_requests.go:702.29,704.49 2 1
github.com/LuisCusihuaman/gitlab-mcp-server/pkg/gitlab/merge_requests.go:704.49,706.6 1 1
github.com/LuisCusihuaman/gitlab-mcp-server/pkg/gitlab/merge_requests.go:707.5,707.36 1 1
github.com/LuisCusihuaman/gitlab-mcp-server/pkg/gitlab/merge_requests.go:710.4,710.24 1 1
github.com/LuisCusihuaman/gitlab-mcp-server/pkg/gitlab/merge_requests.go:710.24,712.5 1 1
github.com/LuisCusihuaman/gitlab-mcp-server/pkg/gitlab/merge_requests.go:714.4,714.33 1 1
github.com/LuisCusihuaman/gitlab-mcp-server/pkg/gitlab/merge_requests.go:714.33,716.5 1 0
github.com/LuisCusihuaman/gitlab-mcp-server/pkg/gitlab/merge_requests.go:718.4,718.21 1 1
github.com/LuisCusihuaman/gitlab-mcp-server/pkg/gitlab/merge_requests.go:718.21,720.5 1 0
github.com/LuisCusihuaman/gitlab-mcp-server/pkg/gitlab/merge_requests.go:723.4,726.18 2 1
github.com/LuisCusihuaman/gitlab-mcp-server/pkg/gitlab/merge_requests.go:726.18,728.22 2 1
github.com/LuisCusihuaman/gitlab-mcp-server/pkg/gitlab/merge_requests.go:728.22,730.6 1 1
github.com/LuisCusihuaman/gitlab-mcp-server/pkg/gitlab/merge_requests.go:731.5,731.23 1 1
github.com/LuisCusihuaman/gitlab-mcp-server/pkg/gitlab/merge_requests.go:735.4,736.18 2 1
github.com/LuisCusihuaman/gitlab-mcp-server/pkg/gitlab/merge_requests.go:736.18,738.5 1 0
github.com/LuisCusihuaman/gitlab-mcp-server/pkg/gitlab/merge_requests.go:739.4,739.51 1 1
github.com/LuisCusihuaman/gitlab-mcp-server/pkg/gitlab/merge_requests.go:744.124,766.87 1 1
github.com/LuisCusihuaman/gitlab-mcp-server/pkg/gitlab/merge_requests.go:766.87,769.18 2 1
github.com/LuisCusihuaman/gitlab-mcp-server/pkg/gitlab/merge_requests.go:769.18,771.5 1 1
github.com/LuisCusihuaman/gitlab-mcp-server/pkg/gitlab/merge_requests.go:773.4,774.18 2 1
github.com/LuisCusihuaman/gitlab-mcp-server/pkg/gitlab/merge_requests.go:774.18,776.5 1 0
github.com/LuisCusihuaman/gitlab-mcp-server/pkg/gitlab/merge_requests.go:777.4,778.36 2 1
github.com/LuisCusihuaman/gitlab-mcp-server/pkg/gitlab/merge_requests.go:778.36,780.5 1 0
github.com/LuisCusihuaman/gitlab-mcp-server/pkg/gitlab/merge_requests.go:782.4,783.18 2 1
github.com/LuisCusihuaman/gitlab-mcp-server/pkg/gitlab/merge_requests.go:783.18,785.5 1 0
github.com/LuisCusihuaman/gitlab-mcp-server/pkg/gitlab/merge_requests.go:788.4,789.18 2 1
github.com/LuisCusihuaman/gitlab-mcp-server/pkg/gitlab/merge_requests.go:789.18,791.5 1 0
github.com/LuisCusihuaman/gitlab-mcp-server/pkg/gitlab/merge_requests.go:794.4,802.18 3 1
github.com/LuisCusihuaman/gitlab-mcp-server/pkg/gitlab/merge_requests.go:802.18,804.22 2 1
github.com/LuisCusihuaman/gitlab-mcp-server/pkg/gitlab/merge_requests.go:804.22,806.6 1 1
github.com/LuisCusihuaman/gitlab-mcp-server/pkg/gitlab/merge_requests.go:807.5,807.23 1 1
github.com/LuisCusihuaman/gitlab-mcp-server/pkg/gitlab/merge_requests.go:811.4,812.18 2 1
github.com/LuisCusihuaman/gitlab-mcp-server/pkg/gitlab/merge_requests.go:812.18,814.5 1 0
github.com/LuisCusihuaman/gitlab-mcp-server/pkg/gitlab/merge_requests.go:815.4,815.51 1 1
github.com/LuisCusihuaman/gitlab-mcp-server/pkg/gitlab/merge_requests.go:820.124,846.87 1 1
github.com/LuisCusihuaman/gitlab-mcp-server/pkg/gitlab/merge_requests.go:846.87,849.18 2 1
github.com/LuisCusihuaman/gitlab-mcp-server/pkg/gitlab/merge_requests.go:849.18,851.5 1 0
github.com/LuisCusihuaman/gitlab-mcp-server/pkg/gitlab/merge_requests.go:853.4,854.18 2 1
github.com/LuisCusihuaman/gitlab-mcp-server/pkg/gitlab/merge_requests.go:854.18,856.5 1 0
github.com/LuisCusihuaman/gitlab-mcp-server/pkg/gitlab/merge_requests.go:857.4,858.36 2 1
github.com/LuisCusihuaman/gitlab-mcp-server/pkg/gitlab/merge_requests.go:858.36,860.5 1 0
github.com/LuisCusihuaman/gitlab-mcp-server/pkg/gitlab/merge_requests.go:862.4,863.18 2 1
github.com/LuisCusihuaman/gitlab-mcp-server/pkg/gitlab/merge_requests.go:863.18,865.5 1 1
github.com/LuisCusihuaman/gitlab-mcp-server/pkg/gitlab/merge_requests.go:866.4,867.38 2 1
github.com/LuisCusihuaman/gitlab-mcp-server/pkg/gitlab/merge_requests.go:867.38,869.5 1 0
github.com/LuisCusihuaman/gitlab-mcp-server/pkg/gitlab/merge_requests.go:871.4,872.18 2 1
github.com/LuisCusihuaman/gitlab-mcp-server/pkg/gitlab/merge_requests.go:872.18,874.5 1 0
github.com/LuisCusihuaman/gitlab-mcp-server/pkg/gitlab/merge_requests.go:877.4,878.18 2 1
github.com/LuisCusihuaman/gitlab-mcp-server/pkg/gitlab/merge_requests.go:878.18,880.5 1 0
github.com/LuisCusihuaman/gitlab-mcp-server/pkg/gitlab/merge_requests.go:883.4,891.18 3 1
github.com/LuisCusihuaman/gitlab-mcp-server/pkg/gitlab/merge_requests.go:891.18,893.22 2 1
github.com/LuisCusihuaman/gitlab-mcp-server/pkg/gitlab/merge_requests.go:893.22,895.6 1 1
github.com/LuisCusihuaman/gitlab-mcp-server/pkg/gitlab/merge_requests.go:896.5,896.23 1 1
github.com/LuisCusihuaman/gitlab-mcp-server/pkg/gitlab/merge_requests.go:900.4,901.18 2 1
github.com/LuisCusihuaman/gitlab-mcp-server/pkg/gitlab/merge_requests.go:901.18,903.5 1 0
github.com/LuisCusihuaman/gitlab-mcp-server/pkg/gitlab/merge_requests.go:904.4,904.51 1 1
github.com/LuisCusihuaman/gitlab-mcp-server/pkg/gitlab/milestones.go:16.114,44.87 1 1
github.com/LuisCusihuaman/gitlab-mcp-server/pkg/gitlab/milestones.go:44.87,47.18 2 1
github.com/LuisCusihuaman/gitlab-mcp-server/pkg/gitlab/milestones.go:47.18,49.5 1 1
github.com/LuisCusihuaman/gitlab-mcp-server/pkg/gitlab/milestones.go:51.4,52.18 2 1
github.com/LuisCusihuaman/gitlab-mcp-server/pkg/gitlab/milestones.go:52.18,54.5 1 1
github.com/LuisCusihuaman/gitlab-mcp-server/pkg/gitlab/milestones.go:57.4,58.18 2 1
github.com/LuisCusihuaman/gitlab-mcp-server/pkg/gitlab/milestones.go:58.18,60.5 1 0
github.com/LuisCusihuaman/gitlab-mcp-server/pkg/gitlab/milestones.go:62.4,63.18 2 1
github.com/LuisCusihuaman/gitlab-mcp-server/pkg/gitlab/milestones.go:63.18,65.5 1 0
github.com/LuisCusihuaman/gitlab-mcp-server/pkg/gitlab/milestones.go:67.4,68.18 2 1
github.com/LuisCusihuaman/gitlab-mcp-server/pkg/gitlab/milestones.go:68.18,70.5 1 0
github.com/LuisCusihuaman/gitlab-mcp-server/pkg/gitlab/milestones.go:73.4,74.18 2 1
github.com/LuisCusihuaman/gitlab-mcp-server/pkg/gitlab/milestones.go:74.18,76.5 1 1
github.com/LuisCusihuaman/gitlab-mcp-server/pkg/gitlab/milestones.go:79.4,83.25 2 1
github.com/LuisCusihuaman/gitlab-mcp-server/pkg/gitlab/milestones.go:83.25,85.5 1 1
github.com/LuisCusihuaman/gitlab-mcp-server/pkg/gitlab/milestones.go:87.4,87.24 1 1
github.com/LuisCusihuaman/gitlab-mcp-server/pkg/gitlab/milestones.go:87.24,89.19 2 1
github.com/LuisCusihuaman/gitlab-mcp-server/pkg/gitlab/milestones.go:89.19,91.6 1 1
github.com/LuisCusihuaman/gitlab-mcp-server/pkg/gitlab/milestones.go:92.5,93.28 2 1
github.com/LuisCusihuaman/gitlab-mcp-server/pkg/gitlab/milestones.go:96.4,96.26 1 1
github.com/LuisCusihuaman/gitlab-mcp-server/pkg/gitlab/milestones.go:96.26,98.19 2 1
github.com/LuisCusihuaman/gitlab-mcp-server/pkg/gitlab/milestones.go:98.19,100.6 1 0
github.com/LuisCusihuaman/gitlab-mcp-server/pkg/gitlab/milestones.go:101.5,102.30 2 1
github.com/LuisCusihuaman/gitlab-mcp-server/pkg/gitlab/milestones.go:106.4,109.18 2 1
github.com/LuisCusihuaman/gitlab-mcp-server/pkg/gitlab/milestones.go:109.18,111.22 2 1
github.com/LuisCusihuaman/gitlab-mcp-server/pkg/gitlab/milestones.go:111.22,113.6 1 1
github.com/LuisCusihuaman/gitlab-mcp-server/pkg/gitlab/milestones.go:114.5,114.23 1 1
github.com/LuisCusihuaman/gitlab-mcp-server/pkg/gitlab/milestones.go:118.4,119.18 2 1
github.com/LuisCusihuaman/gitlab-mcp-server/pkg/gitlab/milestones.go:119.18,121.5 1 0
github.com/LuisCusihuaman/gitlab-mcp-server/pkg/gitlab/milestones.go:122.4,122.51 1 1
github.com/LuisCusihuaman/gitlab-mcp-server/pkg/gitlab/milestones.go:127.114,162.87 1 1
github.com/LuisCusihuaman/gitlab-mcp-server/pkg/gitlab/milestones.go:162.87,165.18 2 1
github.com/LuisCusihuaman/gitlab-mcp-server/pkg/gitlab/milestones.go:165.18,167.5 1 1
github.com/LuisCusihuaman/gitlab-mcp-server/pkg/gitlab/milestones.go:169.4,170.18 2 1
github.com/LuisCusihuaman/gitlab-mcp-server/pkg/gitlab/milestones.go:170.18,172.5 1 1
github.com/LuisCusihuaman/gitlab-mcp-server/pkg/gitlab/milestones.go:173.4,174.48 2 1
github.com/LuisCusihuaman/gitlab-mcp-server/pkg/gitlab/milestones.go:174.48,176.5 1 0
github.com/LuisCusihuaman/gitlab-mcp-server/pkg/gitlab/milestones.go:179.4,180.18 2 1
github.com/LuisCusihuaman/gitlab-mcp-server/pkg/gitlab/milestones.go:180.18,182.5 1 0
github.com/LuisCusihuaman/gitlab-mcp-server/pkg/gitlab/milestones.go:184.4,185.18 2 1
github.com/LuisCusihuaman/gitlab-mcp-server/pkg/gitlab/milestones.go:185.18,187.5 1 0
github.com/LuisCusihuaman/gitlab-mcp-server/pkg/gitlab/milestones.go:189.4,190.18 2 1
github.com/LuisCusihuaman/gitlab-mcp-server/pkg/gitlab/milestones.go:190.18,192.5 1 0
github.com/LuisCusihuaman/gitlab-mcp-server/pkg/gitlab/milestones.go:194.4,195.18 2 1
github.com/LuisCusihuaman/gitlab-mcp-server/pkg/gitlab/milestones.go:195.18,197.5 1 0
github.com/LuisCusihuaman/gitlab-mcp-server/pkg/gitlab/milestones.go:199.4,200.18 2 1
github.com/LuisCusihuaman/gitlab-mcp-server/pkg/gitlab/milestones.go:200.18,202.5 1 0
github.com/LuisCusihuaman/gitlab-mcp-server/pkg/gitlab/milestones.go:205.4,206.18 2 1
github.com/LuisCusihuaman/gitlab-mcp-server/pkg/gitlab/milestones.go:206.18,208.5 1 0
github.com/LuisCusihuaman/gitlab-mcp-server/pkg/gitlab/milestones.go:211.4,213.19 2 1
github.com/LuisCusihuaman/gitlab-mcp-server/pkg/gitlab/milestones.go:213.19,215.5 1 1
github.com/LuisCusihuaman/gitlab-mcp-server/pkg/gitlab/milestones.go:217.4,217.25 1 1
github.com/LuisCusihuaman/gitlab-mcp-server/pkg/gitlab/milestones.go:217.25,219.5 1 0
github.com/LuisCusihuaman/gitlab-mcp-server/pkg/gitlab/milestones.go:221.4,221.24 1 1
github.com/LuisCusihuaman/gitlab-mcp-server/pkg/gitlab/milestones.go:221.24,223.19 2 0
github.com/LuisCusihuaman/gitlab-mcp-server/pkg/gitlab/milestones.go:223.19,225.6 1 0
github.com/LuisCusihuaman/gitlab-mcp-server/pkg/gitlab/milestones.go:226.5,227.28 2 0
github.com/LuisCusihuaman/gitlab-mcp-server/pkg/gitlab/milestones.go:230.4,230.26 1 1
github.com/LuisCusihuaman/gitlab-mcp-server/pkg/gitlab/milestones.go:230.26,232.19 2 0
github.com/LuisCusihuaman/gitlab-mcp-server/pkg/gitlab/milestones.go:232.19,234.6 1 0
github.com/LuisCusihuaman/gitlab-mcp-server/pkg/gitlab/milestones.go:235.5,236.30 2 0
github.com/LuisCusihuaman/gitlab-mcp-server/pkg/gitlab/milestones.go:239.4,239.24 1 1
github.com/LuisCusihuaman/gitlab-mcp-server/pkg/gitlab/milestones.go:239.24,241.5 1 1
github.com/LuisCusihuaman/gitlab-mcp-server/pkg/gitlab/milestones.go:244.4,247.18 2 1
github.com/LuisCusihuaman/gitlab-mcp-server/pkg/gitlab/milestones.go:247.18,249.22 2 1
github.com/LuisCusihuaman/gitlab-mcp-server/pkg/gitlab/milestones.go:249.22,251.6 1 1
github.com/LuisCusihuaman/gitlab-mcp-server/pkg/gitlab/milestones.go:252.5,252.23 1 1
github.com/LuisCusihuaman/gitlab-mcp-server/pkg/gitlab/milestones.go:256.4,257.18 2 1
github.com/LuisCusihuaman/gitlab-mcp-server/pkg/gitlab/milestones.go:257.18,259.5 1 0
github.com/LuisCusihuaman/gitlab-mcp-server/pkg/gitlab/milestones.go:260.4,260.51 1 1
github.com/LuisCusihuaman/gitlab-mcp-server/pkg/gitlab/milestones.go:265.111,284.87 1 1
github.com/LuisCusihuaman/gitlab-mcp-server/pkg/gitlab/milestones.go:284.87,287.18 2 1
github.com/LuisCusihuaman/gitlab-mcp-server/pkg/gitlab/milestones.go:287.18,289.5 1 1
github.com/LuisCusihuaman/gitlab-mcp-server/pkg/gitlab/milestones.go:291.4,292.18 2 1
github.com/LuisCusihuaman/gitlab-mcp-server/pkg/gitlab/milestones.go:292.18,294.5 1 0
github.com/LuisCusihuaman/gitlab-mcp-server/pkg/gitlab/milestones.go:295.4,296.48 2 1
github.com/LuisCusihuaman/gitlab-mcp-server/pkg/gitlab/milestones.go:296.48,298.5 1 0
github.com/LuisCusihuaman/gitlab-mcp-server/pkg/gitlab/milestones.go:301.4,302.18 2 1
github.com/LuisCusihuaman/gitlab-mcp-server/pkg/gitlab/milestones.go:302.18,304.5 1 0
github.com/LuisCusihuaman/gitlab-mcp-server/pkg/gitlab/milestones.go:307.4,310.18 2 1
github.com/LuisCusihuaman/gitlab-mcp-server/pkg/gitlab/milestones.go:310.18,312.22 2 1
github.com/LuisCusihuaman/gitlab-mcp-server/pkg/gitlab/milestones.go:312.22,314.6 1 1
github.com/LuisCusihuaman/gitlab-mcp-server/pkg/gitlab/milestones.go:315.5,315.23 1 1
github.com/LuisCusihuaman/gitlab-mcp-server/pkg/gitlab/milestones.go:319.4,320.18 2 1
github.com/LuisCusihuaman/gitlab-mcp-server/pkg/gitlab/milestones.go:320.18,322.5 1 0
github.com/LuisCusihuaman/gitlab-mcp-server/pkg/gitlab/milestones.go:323.4,323.51 1 1
github.com/LuisCusihuaman/gitlab-mcp-server/pkg/gitlab/milestones.go:328.113,353.87 1 1
github.com/LuisCusihuaman/gitlab-mcp-server/pkg/gitlab/milestones.go:353.87,356.18 2 1
github.com/LuisCusihuaman/gitlab-mcp-server/pkg/gitlab/milestones.go:356.18,358.5 1 1
github.com/LuisCusihuaman/gitlab-mcp-server/pkg/gitlab/milestones.go:361.4,362.18 2 1
github.com/LuisCusihuaman/gitlab-mcp-server/pkg/gitlab/milestones.go:362.18,364.5 1 0
github.com/LuisCusihuaman/gitlab-mcp-server/pkg/gitlab/milestones.go:366.4,367.18 2 1
github.com/LuisCusihuaman/gitlab-mcp-server/pkg/gitlab/milestones.go:367.18,369.5 1 0
github.com/LuisCusihuaman/gitlab-mcp-server/pkg/gitlab/milestones.go:372.4,373.18 2 1
github.com/LuisCusihuaman/gitlab-mcp-server/pkg/gitlab/milestones.go:373.18,375.5 1 0
github.com/LuisCusihuaman/gitlab-mcp-server/pkg/gitlab/milestones.go:378.4,379.18 2 1
github.com/LuisCusihuaman/gitlab-mcp-server/pkg/gitlab/milestones.go:379.18,381.5 1 1
github.com/LuisCusihuaman/gitlab-mcp-server/pkg/gitlab/milestones.go:384.4,391.19 2 1
github.com/LuisCusihuaman/gitlab-mcp-server/pkg/gitlab/milestones.go:391.19,393.5 1 1
github.com/LuisCusihuaman/gitlab-mcp-server/pkg/gitlab/milestones.go:395.4,395.20 1 1
github.com/LuisCusihuaman/gitlab-mcp-server/pkg/gitlab/milestones.go:395.20,397.5 1 1
github.com/LuisCusihuaman/gitlab-mcp-server/pkg/gitlab/milestones.go:400.4,403.18 2 1
github.com/LuisCusihuaman/gitlab-mcp-server/pkg/gitlab/milestones.go:403.18,405.22 2 1
github.com/LuisCusihuaman/gitlab-mcp-server/pkg/gitlab/milestones.go:405.22,407.6 1 0
github.com/LuisCusihuaman/gitlab-mcp-server/pkg/gitlab/milestones.go:408.5,408.23 1 1
github.com/LuisCusihuaman/gitlab-mcp-server/pkg/gitlab/milestones.go:412.4,412.28 1 1
github.com/LuisCusihuaman/gitlab-mcp-server/pkg/gitlab/milestones.go:412.28,414.5 1 1
github.com/LuisCusihuaman/gitlab-mcp-server/pkg/gitlab/milestones.go:417.4,418.18 2 1
github.com/LuisCusihuaman/gitlab-mcp-server/pkg/gitlab/milestones.go:418.18,420.5 1 0
github.com/LuisCusihuaman/gitlab-mcp-server/pkg/gitlab/milestones.go:421.4,421.51 1 1
github.com/LuisCusihuaman/gitlab-mcp-server/pkg/gitlab/notifications.go:21.44,22.11 1 1
github.com/LuisCusihuaman/gitlab-mcp-server/pkg/gitlab/notifications.go:23.24,24.16 1 1
github.com/LuisCusihuaman/gitlab-mcp-server/pkg/gitlab/notifications.go:25.27,26.19 1 1
github.com/LuisCusihuaman/gitlab-mcp-server/pkg/gitlab/notifications.go:27.25,28.17 1 1
github.com/LuisCusihuaman/gitlab-mcp-server/pkg/gitlab/notifications.go:29.10,30.19 1 1
github.com/LuisCusihuaman/gitlab-mcp-server/pkg/gitlab/notifications.go:50.63,59.21 3 1
github.com/LuisCusihuaman/gitlab-mcp-server/pkg/gitlab/notifications.go:60.25,61.20 1 1
github.com/LuisCusihuaman/gitlab-mcp-server/pkg/gitlab/notifications.go:62.27,63.19 1 1
github.com/LuisCusihuaman/gitlab-mcp-server/pkg/gitlab/notifications.go:64.10,65.19 1 1
github.com/LuisCusihuaman/gitlab-mcp-server/pkg/gitlab/notifications.go:70.2,74.34 4 1
github.com/LuisCusihuaman/gitlab-mcp-server/pkg/gitlab/notifications.go:74.34,76.3 1 1
github.com/LuisCusihuaman/gitlab-mcp-server/pkg/gitlab/notifications.go:80.40,88.2 5 1
github.com/LuisCusihuaman/gitlab-mcp-server/pkg/gitlab/notifications.go:91.27,96.2 3 1
github.com/LuisCusihuaman/gitlab-mcp-server/pkg/gitlab/notifications.go:99.72,106.2 1 1
github.com/LuisCusihuaman/gitlab-mcp-server/pkg/gitlab/notifications.go:109.66,116.2 1 1
github.com/LuisCusihuaman/gitlab-mcp-server/pkg/gitlab/notifications.go:119.89,126.2 1 1
github.com/LuisCusihuaman/gitlab-mcp-server/pkg/gitlab/notifications.go:129.94,136.2 1 1
github.com/LuisCusihuaman/gitlab-mcp-server/pkg/gitlab/project_config.go:26.58,29.16 2 1
github.com/LuisCusihuaman/gitlab-mcp-server/pkg/gitlab/project_config.go:29.16,31.3 1 0
github.com/LuisCusihuaman/gitlab-mcp-server/pkg/gitlab/project_config.go:34.2,35.6 2 1
github.com/LuisCusihuaman/gitlab-mcp-server/pkg/gitlab/project_config.go:35.6,38.48 2 1
github.com/LuisCusihuaman/gitlab-mcp-server/pkg/gitlab/project_config.go:38.48,41.18 2 1
github.com/LuisCusihuaman/gitlab-mcp-server/pkg/gitlab/project_config.go:41.18,43.5 1 1
github.com/LuisCusihuaman/gitlab-mcp-server/pkg/gitlab/project_config.go:44.4,44.34 1 1
github.com/LuisCusihuaman/gitlab-mcp-server/pkg/gitlab/project_config.go:48.3,49.20 2 1
github.com/LuisCusihuaman/gitlab-mcp-server/pkg/gitlab/project_config.go:49.20,52.4 1 1
github.com/LuisCusihuaman/gitlab-mcp-server/pkg/gitlab/project_config.go:53.3,53.15 1 1
github.com/LuisCusihuaman/gitlab-mcp-server/pkg/gitlab/project_config.go:58.61,60.16 2 1
github.com/LuisCusihuaman/gitlab-mcp-server/pkg/gitlab/project_config.go:60.16,62.3 1 1
github.com/LuisCusihuaman/gitlab-mcp-server/pkg/gitlab/project_config.go:64.2,65.54 2 1
github.com/LuisCusihuaman/gitlab-mcp-server/pkg/gitlab/project_config.go:65.54,67.3 1 1
github.com/LuisCusihuaman/gitlab-mcp-server/pkg/gitlab/project_config.go:69.2,69.21 1 1
github.com/LuisCusihuaman/gitlab-mcp-server/pkg/gitlab/project_config.go:73.76,77.16 3 1
github.com/LuisCusihuaman/gitlab-mcp-server/pkg/gitlab/project_config.go:77.16,79.3 1 0
github.com/LuisCusihuaman/gitlab-mcp-server/pkg/gitlab/project_config.go:81.2,83.61 2 1
github.com/LuisCusihuaman/gitlab-mcp-server/pkg/gitlab/project_config.go:83.61,85.3 1 0
github.com/LuisCusihuaman/gitlab-mcp-server/pkg/gitlab/project_config.go:87.2,87.24 1 1
github.com/LuisCusihuaman/gitlab-mcp-server/pkg/gitlab/project_config.go:91.71,93.16 2 1
github.com/LuisCusihuaman/gitlab-mcp-server/pkg/gitlab/project_config.go:93.16,95.3 1 0
github.com/LuisCusihuaman/gitlab-mcp-server/pkg/gitlab/project_config.go:98.2,99.18 2 1
github.com/LuisCusihuaman/gitlab-mcp-server/pkg/gitlab/project_config.go:99.18,101.3 1 1
github.com/LuisCusihuaman/gitlab-mcp-server/pkg/gitlab/project_config.go:104.2,106.16 3 1
github.com/LuisCusihuaman/gitlab-mcp-server/pkg/gitlab/project_config.go:106.16,108.3 1 1
github.com/LuisCusihuaman/gitlab-mcp-server/pkg/gitlab/project_config.go:111.2,112.16 2 1
github.com/LuisCusihuaman/gitlab-mcp-server/pkg/gitlab/project_config.go:112.16,114.3 1 1
github.com/LuisCusihuaman/gitlab-mcp-server/pkg/gitlab/project_config.go:116.2,116.21 1 1
github.com/LuisCusihuaman/gitlab-mcp-server/pkg/gitlab/project_config.go:116.21,118.3 1 1
github.com/LuisCusihuaman/gitlab-mcp-server/pkg/gitlab/project_config.go:120.2,120.35 1 1
github.com/LuisCusihuaman/gitlab-mcp-server/pkg/gitlab/project_config.go:124.41,126.6 2 1
github.com/LuisCusihuaman/gitlab-mcp-server/pkg/gitlab/project_config.go:126.6,128.48 2 1
github.com/LuisCusihuaman/gitlab-mcp-server/pkg/gitlab/project_config.go:128.48,129.20 1 1
github.com/LuisCusihuaman/gitlab-mcp-server/pkg/gitlab/project_config.go:129.20,131.5 1 1
github.com/LuisCusihuaman/gitlab-mcp-server/pkg/gitlab/project_config.go:134.3,135.20 2 1
github.com/LuisCusihuaman/gitlab-mcp-server/pkg/gitlab/project_config.go:135.20,137.4 1 1
github.com/LuisCusihuaman/gitlab-mcp-server/pkg/gitlab/project_config.go:138.3,138.15 1 1
github.com/LuisCusihuaman/gitlab-mcp-server/pkg/gitlab/project_config.go:143.83,148.29 3 1
github.com/LuisCusihuaman/gitlab-mcp-server/pkg/gitlab/project_config.go:148.29,152.51 2 1
github.com/LuisCusihuaman/gitlab-mcp-server/pkg/gitlab/project_config.go:152.51,155.12 2 1
github.com/LuisCusihuaman/gitlab-mcp-server/pkg/gitlab/project_config.go:159.3,159.49 1 1
github.com/LuisCusihuaman/gitlab-mcp-server/pkg/gitlab/project_config.go:159.49,165.23 4 1
github.com/LuisCusihuaman/gitlab-mcp-server/pkg/gitlab/project_config.go:165.23,168.5 1 1
github.com/LuisCusihuaman/gitlab-mcp-server/pkg/gitlab/project_config.go:169.4,169.17 1 1
github.com/LuisCusihuaman/gitlab-mcp-server/pkg/gitlab/project_config.go:169.17,171.5 1 1
github.com/LuisCusihuaman/gitlab-mcp-server/pkg/gitlab/project_config.go:175.2,175.20 1 1
github.com/LuisCusihuaman/gitlab-mcp-server/pkg/gitlab/project_config.go:179.35,189.41 3 1
github.com/LuisCusihuaman/gitlab-mcp-server/pkg/gitlab/project_config.go:189.41,190.42 1 1
github.com/LuisCusihuaman/gitlab-mcp-server/pkg/gitlab/project_config.go:190.42,192.4 1 1
github.com/LuisCusihuaman/gitlab-mcp-server/pkg/gitlab/project_config.go:194.2,194.14 1 1
[...]
github.com/LuisCusihuaman/gitlab-mcp-server/pkg/gitlab/repository_files.go:65.4,68.18 2 1
github.com/LuisCusihuaman/gitlab-mcp-server/pkg/gitlab/repository_files.go:68.18,70.22 2 1
github.com/LuisCusihuaman/gitlab-mcp-server/pkg/gitlab/repository_files.go:70.22,72.6 1 1
github.com/LuisCusihuaman/gitlab-mcp-server/pkg/gitlab/repository_files.go:73.5,73.23 1 1
github.com/LuisCusihuaman/gitlab-mcp-server/pkg/gitlab/repository_files.go:77.4,78.18 2 1
github.com/LuisCusihuaman/gitlab-mcp-server/pkg/gitlab/repository_files.go:78.18,80.5 1 0
github.com/LuisCusihuaman/gitlab-mcp-server/pkg/gitlab/repository_files.go:84.4,84.61 1 1
github.com/LuisCusihuaman/gitlab-mcp-server/pkg/gitlab/repository_files.go:89.115,114.87 1 1
github.com/LuisCusihuaman/gitlab-mcp-server/pkg/gitlab/repository_files.go:114.87,117.18 2 1
github.com/LuisCusihuaman/gitlab-mcp-server/pkg/gitlab/repository_files.go:117.18,119.5 1 1
github.com/LuisCusihuaman/gitlab-mcp-server/pkg/gitlab/repository_files.go:120.4,121.18 2 1
github.com/LuisCusihuaman/gitlab-mcp-server/pkg/gitlab/repository_files.go:121.18,123.5 1 0
github.com/LuisCusihuaman/gitlab-mcp-server/pkg/gitlab/repository_files.go:124.4,125.18 2 1
github.com/LuisCusihuaman/gitlab-mcp-server/pkg/gitlab/repository_files.go:125.18,127.5 1 0
github.com/LuisCusihuaman/gitlab-mcp-server/pkg/gitlab/repository_files.go:128.4,129.18 2 1
github.com/LuisCusihuaman/gitlab-mcp-server/pkg/gitlab/repository_files.go:129.18,131.5 1 0
github.com/LuisCusihuaman/gitlab-mcp-server/pkg/gitlab/repository_files.go:132.4,133.18 2 1
github.com/LuisCusihuaman/gitlab-mcp-server/pkg/gitlab/repository_files.go:133.18,135.5 1 0
github.com/LuisCusihuaman/gitlab-mcp-server/pkg/gitlab/repository_files.go:138.4,145.18 2 1
github.com/LuisCusihuaman/gitlab-mcp-server/pkg/gitlab/repository_files.go:145.18,147.5 1 1
github.com/LuisCusihuaman/gitlab-mcp-server/pkg/gitlab/repository_files.go:148.4,148.17 1 1
github.com/LuisCusihuaman/gitlab-mcp-server/pkg/gitlab/repository_files.go:148.17,150.5 1 1
github.com/LuisCusihuaman/gitlab-mcp-server/pkg/gitlab/repository_files.go:153.4,154.18 2 1
github.com/LuisCusihuaman/gitlab-mcp-server/pkg/gitlab/repository_files.go:154.18,156.5 1 0
github.com/LuisCusihuaman/gitlab-mcp-server/pkg/gitlab/repository_files.go:159.4,162.18 2 1
github.com/LuisCusihuaman/gitlab-mcp-server/pkg/gitlab/repository_files.go:162.18,164.22 2 1
github.com/LuisCusihuaman/gitlab-mcp-server/pkg/gitlab/repository_files.go:164.22,166.6 1 0
github.com/LuisCusihuaman/gitlab-mcp-server/pkg/gitlab/repository_files.go:167.5,167.23 1 1
github.com/LuisCusihuaman/gitlab-mcp-server/pkg/gitlab/repository_files.go:172.4,172.22 1 1
github.com/LuisCusihuaman/gitlab-mcp-server/pkg/gitlab/repository_files.go:172.22,174.5 1 1
github.com/LuisCusihuaman/gitlab-mcp-server/pkg/gitlab/repository_files.go:176.4,177.18 2 1
github.com/LuisCusihuaman/gitlab-mcp-server/pkg/gitlab/repository_files.go:177.18,179.5 1 0
github.com/LuisCusihuaman/gitlab-mcp-server/pkg/gitlab/repository_files.go:180.4,180.51 1 1
github.com/LuisCusihuaman/gitlab-mcp-server/pkg/gitlab/server.go:21.62,30.2 2 1
github.com/LuisCusihuaman/gitlab-mcp-server/pkg/gitlab/server.go:35.79,39.9 3 1
github.com/LuisCusihuaman/gitlab-mcp-server/pkg/gitlab/server.go:39.9,41.3 1 1
github.com/LuisCusihuaman/gitlab-mcp-server/pkg/gitlab/server.go:43.2,44.9 2 1
github.com/LuisCusihuaman/gitlab-mcp-server/pkg/gitlab/server.go:44.9,47.3 1 1
github.com/LuisCusihuaman/gitlab-mcp-server/pkg/gitlab/server.go:49.2,49.19 1 1
github.com/LuisCusihuaman/gitlab-mcp-server/pkg/gitlab/server.go:49.19,52.3 1 1
github.com/LuisCusihuaman/gitlab-mcp-server/pkg/gitlab/server.go:54.2,54.19 1 1
github.com/LuisCusihuaman/gitlab-mcp-server/pkg/gitlab/server.go:58.72,62.9 3 1
github.com/LuisCusihuaman/gitlab-mcp-server/pkg/gitlab/server.go:62.9,64.3 1 1
github.com/LuisCusihuaman/gitlab-mcp-server/pkg/gitlab/server.go:66.2,67.9 2 1
github.com/LuisCusihuaman/gitlab-mcp-server/pkg/gitlab/server.go:67.9,70.3 1 1
github.com/LuisCusihuaman/gitlab-mcp-server/pkg/gitlab/server.go:72.2,72.19 1 1
github.com/LuisCusihuaman/gitlab-mcp-server/pkg/gitlab/server.go:76.93,78.13 2 1
github.com/LuisCusihuaman/gitlab-mcp-server/pkg/gitlab/server.go:78.13,81.3 1 1
github.com/LuisCusihuaman/gitlab-mcp-server/pkg/gitlab/server.go:83.2,84.9 2 1
github.com/LuisCusihuaman/gitlab-mcp-server/pkg/gitlab/server.go:84.9,89.3 3 1
github.com/LuisCusihuaman/gitlab-mcp-server/pkg/gitlab/server.go:92.2,93.8 2 1
github.com/LuisCusihuaman/gitlab-mcp-server/pkg/gitlab/server.go:97.70,99.16 2 1
github.com/LuisCusihuaman/gitlab-mcp-server/pkg/gitlab/server.go:99.16,101.3 1 0
github.com/LuisCusihuaman/gitlab-mcp-server/pkg/gitlab/server.go:102.2,102.9 1 1
github.com/LuisCusihuaman/gitlab-mcp-server/pkg/gitlab/server.go:102.9,104.3 1 1
github.com/LuisCusihuaman/gitlab-mcp-server/pkg/gitlab/server.go:106.2,106.25 1 1
github.com/LuisCusihuaman/gitlab-mcp-server/pkg/gitlab/server.go:107.15,108.27 1 1
github.com/LuisCusihuaman/gitlab-mcp-server/pkg/gitlab/server.go:108.27,110.4 1 1
github.com/LuisCusihuaman/gitlab-mcp-server/pkg/gitlab/server.go:111.3,111.21 1 1
github.com/LuisCusihuaman/gitlab-mcp-server/pkg/gitlab/server.go:112.11,113.16 1 1
github.com/LuisCusihuaman/gitlab-mcp-server/pkg/gitlab/server.go:114.14,115.14 1 1
github.com/LuisCusihuaman/gitlab-mcp-server/pkg/gitlab/server.go:115.14,117.4 1 1
github.com/LuisCusihuaman/gitlab-mcp-server/pkg/gitlab/server.go:118.3,119.17 2 1
github.com/LuisCusihuaman/gitlab-mcp-server/pkg/gitlab/server.go:119.17,121.4 1 1
github.com/LuisCusihuaman/gitlab-mcp-server/pkg/gitlab/server.go:122.3,122.21 1 1
github.com/LuisCusihuaman/gitlab-mcp-server/pkg/gitlab/server.go:123.10,124.91 1 1
github.com/LuisCusihuaman/gitlab-mcp-server/pkg/gitlab/server.go:129.99,131.16 2 1
github.com/LuisCusihuaman/gitlab-mcp-server/pkg/gitlab/server.go:131.16,133.3 1 1
github.com/LuisCusihuaman/gitlab-mcp-server/pkg/gitlab/server.go:134.2,134.12 1 1
github.com/LuisCusihuaman/gitlab-mcp-server/pkg/gitlab/server.go:134.12,144.10 2 1
github.com/LuisCusihuaman/gitlab-mcp-server/pkg/gitlab/server.go:144.10,146.4 1 1
github.com/LuisCusihuaman/gitlab-mcp-server/pkg/gitlab/server.go:154.3,155.10 2 1
github.com/LuisCusihuaman/gitlab-mcp-server/pkg/gitlab/server.go:155.10,157.4 1 0
github.com/LuisCusihuaman/gitlab-mcp-server/pkg/gitlab/server.go:166.3,166.27 1 1
github.com/LuisCusihuaman/gitlab-mcp-server/pkg/gitlab/server.go:168.2,168.15 1 1
github.com/LuisCusihuaman/gitlab-mcp-server/pkg/gitlab/server.go:174.73,176.26 2 1
github.com/LuisCusihuaman/gitlab-mcp-server/pkg/gitlab/server.go:176.26,178.3 1 1
github.com/LuisCusihuaman/gitlab-mcp-server/pkg/gitlab/server.go:180.2,181.9 2 1
github.com/LuisCusihuaman/gitlab-mcp-server/pkg/gitlab/server.go:181.9,184.12 2 1
github.com/LuisCusihuaman/gitlab-mcp-server/pkg/gitlab/server.go:184.12,185.35 1 1
github.com/LuisCusihuaman/gitlab-mcp-server/pkg/gitlab/server.go:186.38,188.27 2 1
github.com/LuisCusihuaman/gitlab-mcp-server/pkg/gitlab/server.go:189.38,191.27 2 1
github.com/LuisCusihuaman/gitlab-mcp-server/pkg/gitlab/server.go:195.3,195.110 1 1
github.com/LuisCusihuaman/gitlab-mcp-server/pkg/gitlab/server.go:197.2,197.22 1 1
github.com/LuisCusihuaman/gitlab-mcp-server/pkg/gitlab/server.go:202.87,204.16 2 1
github.com/LuisCusihuaman/gitlab-mcp-server/pkg/gitlab/server.go:204.16,207.3 1 0
github.com/LuisCusihuaman/gitlab-mcp-server/pkg/gitlab/server.go:208.2,208.26 1 1
github.com/LuisCusihuaman/gitlab-mcp-server/pkg/gitlab/server.go:208.26,210.3 1 1
github.com/LuisCusihuaman/gitlab-mcp-server/pkg/gitlab/server.go:212.2,213.16 2 1
github.com/LuisCusihuaman/gitlab-mcp-server/pkg/gitlab/server.go:213.16,216.17 2 1
github.com/LuisCusihuaman/gitlab-mcp-server/pkg/gitlab/server.go:216.17,218.4 1 1
github.com/LuisCusihuaman/gitlab-mcp-server/pkg/gitlab/server.go:221.2,221.16 1 1
github.com/LuisCusihuaman/gitlab-mcp-server/pkg/gitlab/server.go:228.38,229.30 1 1
github.com/LuisCusihuaman/gitlab-mcp-server/pkg/gitlab/server.go:229.30,242.3 2 1
github.com/LuisCusihuaman/gitlab-mcp-server/pkg/gitlab/server.go:247.88,249.16 2 1
github.com/LuisCusihuaman/gitlab-mcp-server/pkg/gitlab/server.go:249.16,251.3 1 1
github.com/LuisCusihuaman/gitlab-mcp-server/pkg/gitlab/server.go:252.2,252.14 1 1
github.com/LuisCusihuaman/gitlab-mcp-server/pkg/gitlab/server.go:252.14,255.3 1 1
github.com/LuisCusihuaman/gitlab-mcp-server/pkg/gitlab/server.go:257.2,258.16 2 1
github.com/LuisCusihuaman/gitlab-mcp-server/pkg/gitlab/server.go:258.16,260.3 1 1
github.com/LuisCusihuaman/gitlab-mcp-server/pkg/gitlab/server.go:262.2,262.17 1 1
github.com/LuisCusihuaman/gitlab-mcp-server/pkg/gitlab/server.go:262.17,265.3 1 1
github.com/LuisCusihuaman/gitlab-mcp-server/pkg/gitlab/server.go:265.8,265.33 1 1
github.com/LuisCusihuaman/gitlab-mcp-server/pkg/gitlab/server.go:265.33,268.3 1 1
github.com/LuisCusihuaman/gitlab-mcp-server/pkg/gitlab/server.go:270.2,270.27 1 1
github.com/LuisCusihuaman/gitlab-mcp-server/pkg/gitlab/token_manager.go:26.43,27.22 1 1
github.com/LuisCusihuaman/gitlab-mcp-server/pkg/gitlab/token_manager.go:27.22,29.3 1 1
github.com/LuisCusihuaman/gitlab-mcp-server/pkg/gitlab/token_manager.go:30.2,30.25 1 1
github.com/LuisCusihuaman/gitlab-mcp-server/pkg/gitlab/token_manager.go:30.25,32.3 1 1
github.com/LuisCusihuaman/gitlab-mcp-server/pkg/gitlab/token_manager.go:33.2,33.40 1 1
github.com/LuisCusihuaman/gitlab-mcp-server/pkg/gitlab/token_manager.go:38.48,39.25 1 1
github.com/LuisCusihuaman/gitlab-mcp-server/pkg/gitlab/token_manager.go:39.25,41.3 1 1
github.com/LuisCusihuaman/gitlab-mcp-server/pkg/gitlab/token_manager.go:42.2,43.35 2 1
github.com/LuisCusihuaman/gitlab-mcp-server/pkg/gitlab/token_manager.go:53.34,57.2 1 1
github.com/LuisCusihuaman/gitlab-mcp-server/pkg/gitlab/token_manager.go:60.76,61.16 1 1
github.com/LuisCusihuaman/gitlab-mcp-server/pkg/gitlab/token_manager.go:61.16,63.3 1 1
github.com/LuisCusihuaman/gitlab-mcp-server/pkg/gitlab/token_manager.go:64.2,64.21 1 1
github.com/LuisCusihuaman/gitlab-mcp-server/pkg/gitlab/token_manager.go:64.21,66.3 1 1
github.com/LuisCusihuaman/gitlab-mcp-server/pkg/gitlab/token_manager.go:68.2,74.12 5 1
github.com/LuisCusihuaman/gitlab-mcp-server/pkg/gitlab/token_manager.go:78.69,83.9 4 1
github.com/LuisCusihuaman/gitlab-mcp-server/pkg/gitlab/token_manager.go:83.9,85.3 1 1
github.com/LuisCusihuaman/gitlab-mcp-server/pkg/gitlab/token_manager.go:87.2,87.19 1 1
github.com/LuisCusihuaman/gitlab-mcp-server/pkg/gitlab/token_manager.go:91.62,97.30 4 1
github.com/LuisCusihuaman/gitlab-mcp-server/pkg/gitlab/token_manager.go:97.30,99.3 1 1
github.com/LuisCusihuaman/gitlab-mcp-server/pkg/gitlab/token_manager.go:101.2,101.15 1 1
github.com/LuisCusihuaman/gitlab-mcp-server/pkg/gitlab/token_manager.go:105.54,109.35 3 1
github.com/LuisCusihuaman/gitlab-mcp-server/pkg/gitlab/token_manager.go:109.35,111.3 1 1
github.com/LuisCusihuaman/gitlab-mcp-server/pkg/gitlab/token_manager.go:113.2,114.12 2 1
github.com/LuisCusihuaman/gitlab-mcp-server/pkg/gitlab/token_manager.go:119.116,122.16 2 1
github.com/LuisCusihuaman/gitlab-mcp-server/pkg/gitlab/token_manager.go:122.16,123.44 1 1
github.com/LuisCusihuaman/gitlab-mcp-server/pkg/gitlab/token_manager.go:123.44,125.4 1 1
github.com/LuisCusihuaman/gitlab-mcp-server/pkg/gitlab/token_manager.go:126.3,126.73 1 1
github.com/LuisCusihuaman/gitlab-mcp-server/pkg/gitlab/token_manager.go:130.2,134.9 4 1
github.com/LuisCusihuaman/gitlab-mcp-server/pkg/gitlab/token_manager.go:134.9,143.3 2 1
github.com/LuisCusihuaman/gitlab-mcp-server/pkg/gitlab/token_manager.go:146.2,151.19 5 1
github.com/LuisCusihuaman/gitlab-mcp-server/pkg/gitlab/token_manager.go:157.136,161.30 3 1
github.com/LuisCusihuaman/gitlab-mcp-server/pkg/gitlab/token_manager.go:161.30,163.3 1 1
github.com/LuisCusihuaman/gitlab-mcp-server/pkg/gitlab/token_manager.go:164.2,170.34 3 1
github.com/LuisCusihuaman/gitlab-mcp-server/pkg/gitlab/token_manager.go:170.34,178.17 3 1
github.com/LuisCusihuaman/gitlab-mcp-server/pkg/gitlab/token_manager.go:178.17,181.12 3 1
github.com/LuisCusihuaman/gitlab-mcp-server/pkg/gitlab/token_manager.go:185.3,186.17 2 1
github.com/LuisCusihuaman/gitlab-mcp-server/pkg/gitlab/token_manager.go:186.17,189.4 2 1
github.com/LuisCusihuaman/gitlab-mcp-server/pkg/gitlab/token_manager.go:189.9,194.4 4 1
github.com/LuisCusihuaman/gitlab-mcp-server/pkg/gitlab/token_manager.go:196.3,196.36 1 1
github.com/LuisCusihuaman/gitlab-mcp-server/pkg/gitlab/token_manager.go:199.2,199.16 1 1
github.com/LuisCusihuaman/gitlab-mcp-server/pkg/gitlab/token_tools.go:18.90,20.2 1 1
github.com/LuisCusihuaman/gitlab-mcp-server/pkg/gitlab/token_tools.go:25.136,27.26 1 1
github.com/LuisCusihuaman/gitlab-mcp-server/pkg/gitlab/token_tools.go:27.26,29.3 1 1
github.com/LuisCusihuaman/gitlab-mcp-server/pkg/gitlab/token_tools.go:30.2,45.87 1 1
github.com/LuisCusihuaman/gitlab-mcp-server/pkg/gitlab/token_tools.go:45.87,48.18 2 1
github.com/LuisCusihuaman/gitlab-mcp-server/pkg/gitlab/token_tools.go:48.18,50.5 1 1
github.com/LuisCusihuaman/gitlab-mcp-server/pkg/gitlab/token_tools.go:52.4,53.18 2 1
github.com/LuisCusihuaman/gitlab-mcp-server/pkg/gitlab/token_tools.go:53.18,55.5 1 1
github.com/LuisCusihuaman/gitlab-mcp-server/pkg/gitlab/token_tools.go:57.4,58.24 2 1
github.com/LuisCusihuaman/gitlab-mcp-server/pkg/gitlab/token_tools.go:58.24,60.5 1 1
github.com/LuisCusihuaman/gitlab-mcp-server/pkg/gitlab/token_tools.go:63.4,64.62 2 1
github.com/LuisCusihuaman/gitlab-mcp-server/pkg/gitlab/token_tools.go:64.62,66.5 1 1
github.com/LuisCusihuaman/gitlab-mcp-server/pkg/gitlab/token_tools.go:68.4,69.18 2 1
github.com/LuisCusihuaman/gitlab-mcp-server/pkg/gitlab/token_tools.go:69.18,71.5 1 0
github.com/LuisCusihuaman/gitlab-mcp-server/pkg/gitlab/token_tools.go:74.4,75.18 2 1
github.com/LuisCusihuaman/gitlab-mcp-server/pkg/gitlab/token_tools.go:75.18,77.5 1 0
github.com/LuisCusihuaman/gitlab-mcp-server/pkg/gitlab/token_tools.go:80.4,84.62 3 1
github.com/LuisCusihuaman/gitlab-mcp-server/pkg/gitlab/token_tools.go:84.62,86.5 1 0
github.com/LuisCusihuaman/gitlab-mcp-server/pkg/gitlab/token_tools.go:89.4,102.51 4 1
github.com/LuisCusihuaman/gitlab-mcp-server/pkg/gitlab/token_tools.go:107.89,112.87 1 1
github.com/LuisCusihuaman/gitlab-mcp-server/pkg/gitlab/token_tools.go:112.87,115.24 2 1
github.com/LuisCusihuaman/gitlab-mcp-server/pkg/gitlab/token_tools.go:115.24,120.5 1 1
github.com/LuisCusihuaman/gitlab-mcp-server/pkg/gitlab/token_tools.go:123.4,124.39 2 1
github.com/LuisCusihuaman/gitlab-mcp-server/pkg/gitlab/token_tools.go:124.39,135.34 2 1
github.com/LuisCusihuaman/gitlab-mcp-server/pkg/gitlab/token_tools.go:135.34,137.6 1 0
github.com/LuisCusihuaman/gitlab-mcp-server/pkg/gitlab/token_tools.go:138.5,138.47 1 1
github.com/LuisCusihuaman/gitlab-mcp-server/pkg/gitlab/token_tools.go:141.4,148.51 3 1
github.com/LuisCusihuaman/gitlab-mcp-server/pkg/gitlab/token_tools.go:153.139,155.26 1 1
github.com/LuisCusihuaman/gitlab-mcp-server/pkg/gitlab/token_tools.go:155.26,157.3 1 1
github.com/LuisCusihuaman/gitlab-mcp-server/pkg/gitlab/token_tools.go:158.2,169.87 1 1
github.com/LuisCusihuaman/gitlab-mcp-server/pkg/gitlab/token_tools.go:169.87,172.18 2 1
github.com/LuisCusihuaman/gitlab-mcp-server/pkg/gitlab/token_tools.go:172.18,174.5 1 1
github.com/LuisCusihuaman/gitlab-mcp-server/pkg/gitlab/token_tools.go:177.4,178.18 2 1
github.com/LuisCusihuaman/gitlab-mcp-server/pkg/gitlab/token_tools.go:178.18,180.5 1 1
github.com/LuisCusihuaman/gitlab-mcp-server/pkg/gitlab/token_tools.go:183.4,186.19 3 1
github.com/LuisCusihuaman/gitlab-mcp-server/pkg/gitlab/token_tools.go:186.19,188.5 1 1
github.com/LuisCusihuaman/gitlab-mcp-server/pkg/gitlab/token_tools.go:188.10,190.5 1 1
github.com/LuisCusihuaman/gitlab-mcp-server/pkg/gitlab/token_tools.go:193.4,194.80 2 1
github.com/LuisCusihuaman/gitlab-mcp-server/pkg/gitlab/token_tools.go:194.80,196.5 1 0
github.com/LuisCusihuaman/gitlab-mcp-server/pkg/gitlab/token_tools.go:198.4,199.18 2 1
github.com/LuisCusihuaman/gitlab-mcp-server/pkg/gitlab/token_tools.go:199.18,201.5 1 0
github.com/LuisCusihuaman/gitlab-mcp-server/pkg/gitlab/token_tools.go:204.4,205.18 2 1
github.com/LuisCusihuaman/gitlab-mcp-server/pkg/gitlab/token_tools.go:205.18,207.5 1 0
github.com/LuisCusihuaman/gitlab-mcp-server/pkg/gitlab/token_tools.go:210.4,210.19 1 1
github.com/LuisCusihuaman/gitlab-mcp-server/pkg/gitlab/token_tools.go:210.19,212.5 1 1
github.com/LuisCusihuaman/gitlab-mcp-server/pkg/gitlab/token_tools.go:212.10,214.5 1 1
github.com/LuisCusihuaman/gitlab-mcp-server/pkg/gitlab/token_tools.go:215.4,219.62 3 1
github.com/LuisCusihuaman/gitlab-mcp-server/pkg/gitlab/token_tools.go:219.62,221.5 1 0
github.com/LuisCusihuaman/gitlab-mcp-server/pkg/gitlab/token_tools.go:224.4,237.51 4 1
github.com/LuisCusihuaman/gitlab-mcp-server/pkg/gitlab/token_tools.go:242.141,244.26 1 1
github.com/LuisCusihuaman/gitlab-mcp-server/pkg/gitlab/token_tools.go:244.26,246.3 1 1
github.com/LuisCusihuaman/gitlab-mcp-server/pkg/gitlab/token_tools.go:247.2,254.87 1 1
github.com/LuisCusihuaman/gitlab-mcp-server/pkg/gitlab/token_tools.go:254.87,259.62 2 1
github.com/LuisCusihuaman/gitlab-mcp-server/pkg/gitlab/token_tools.go:259.62,262.19 2 1
github.com/LuisCusihuaman/gitlab-mcp-server/pkg/gitlab/token_tools.go:262.19,264.6 1 0
github.com/LuisCusihuaman/gitlab-mcp-server/pkg/gitlab/token_tools.go:267.5,268.81 2 1
github.com/LuisCusihuaman/gitlab-mcp-server/pkg/gitlab/token_tools.go:268.81,270.6 1 1
github.com/LuisCusihuaman/gitlab-mcp-server/pkg/gitlab/token_tools.go:271.5,271.56 1 1
github.com/LuisCusihuaman/gitlab-mcp-server/pkg/gitlab/token_tools.go:274.4,274.23 1 1
github.com/LuisCusihuaman/gitlab-mcp-server/pkg/gitlab/token_tools.go:274.23,277.19 2 1
github.com/LuisCusihuaman/gitlab-mcp-server/pkg/gitlab/token_tools.go:277.19,279.6 1 0
github.com/LuisCusihuaman/gitlab-mcp-server/pkg/gitlab/token_tools.go:281.5,282.19 2 1
github.com/LuisCusihuaman/gitlab-mcp-server/pkg/gitlab/token_tools.go:282.19,285.6 2 1
github.com/LuisCusihuaman/gitlab-mcp-server/pkg/gitlab/token_tools.go:287.5,298.52 4 1
github.com/LuisCusihuaman/gitlab-mcp-server/pkg/gitlab/token_tools.go:299.10,306.36 4 1
github.com/LuisCusihuaman/gitlab-mcp-server/pkg/gitlab/token_tools.go:306.36,307.24 1 1
github.com/LuisCusihuaman/gitlab-mcp-server/pkg/gitlab/token_tools.go:307.24,309.7 1 1
github.com/LuisCusihuaman/gitlab-mcp-server/pkg/gitlab/token_tools.go:309.12,311.7 1 0
github.com/LuisCusihuaman/gitlab-mcp-server/pkg/gitlab/token_tools.go:314.5,323.52 3 1
github.com/LuisCusihuaman/gitlab-mcp-server/pkg/gitlab/token_tools.go:329.95,334.87 1 1
github.com/LuisCusihuaman/gitlab-mcp-server/pkg/gitlab/token_tools.go:334.87,337.31 2 1
github.com/LuisCusihuaman/gitlab-mcp-server/pkg/gitlab/token_tools.go:337.31,342.5 1 1
github.com/LuisCusihuaman/gitlab-mcp-server/pkg/gitlab/token_tools.go:344.4,350.51 3 1
github.com/LuisCusihuaman/gitlab-mcp-server/pkg/gitlab/token_tools.go:355.97,360.87 1 1
github.com/LuisCusihuaman/gitlab-mcp-server/pkg/gitlab/token_tools.go:360.87,370.4 4 1
github.com/LuisCusihuaman/gitlab-mcp-server/pkg/gitlab/token_tools.go:374.90,383.87 1 1
github.com/LuisCusihuaman/gitlab-mcp-server/pkg/gitlab/token_tools.go:383.87,385.18 2 1
github.com/LuisCusihuaman/gitlab-mcp-server/pkg/gitlab/token_tools.go:385.18,387.5 1 1
github.com/LuisCusihuaman/gitlab-mcp-server/pkg/gitlab/token_tools.go:389.4,389.55 1 1
github.com/LuisCusihuaman/gitlab-mcp-server/pkg/gitlab/token_tools.go:389.55,391.5 1 1
github.com/LuisCusihuaman/gitlab-mcp-server/pkg/gitlab/token_tools.go:393.4,399.51 3 1
github.com/LuisCusihuaman/gitlab-mcp-server/pkg/gitlab/toolsets.go:29.35,35.17 2 1
github.com/LuisCusihuaman/gitlab-mcp-server/pkg/gitlab/toolsets.go:35.17,37.3 1 0
github.com/LuisCusihuaman/gitlab-mcp-server/pkg/gitlab/toolsets.go:40.2,142.18 26 1
github.com/LuisCusihuaman/gitlab-mcp-server/pkg/gitlab/toolsets.go:142.18,144.17 2 1
github.com/LuisCusihuaman/gitlab-mcp-server/pkg/gitlab/toolsets.go:144.17,147.4 1 1
github.com/LuisCusihuaman/gitlab-mcp-server/pkg/gitlab/toolsets.go:151.2,151.16 1 1
